<?xml version="1.0" ?>
<coverage branch-rate="0" line-rate="0.222" timestamp="1464415857665" version="4.1">
	<!-- Generated by coverage.py: https://coverage.readthedocs.io -->
	<!-- Based on https://raw.githubusercontent.com/cobertura/web/f0366e5e2cf18f111cbd61fc34ef720a6584ba02/htdocs/xml/coverage-03.dtd -->
	<sources>
		<source>/Users/saoron/cardiganCam</source>
	</sources>
	<packages>
		<package branch-rate="0" complexity="0" line-rate="0.5818" name=".">
			<classes>
				<class branch-rate="0" complexity="0" filename="config.py" line-rate="0.5208" name="config.py">
					<methods/>
					<lines>
						<line hits="1" number="5"/>
						<line hits="1" number="10"/>
						<line hits="1" number="11"/>
						<line hits="1" number="12"/>
						<line hits="1" number="15"/>
						<line hits="1" number="17"/>
						<line hits="1" number="19"/>
						<line hits="1" number="20"/>
						<line hits="1" number="22"/>
						<line hits="0" number="24"/>
						<line hits="1" number="26"/>
						<line hits="1" number="29"/>
						<line hits="1" number="31"/>
						<line hits="1" number="33"/>
						<line hits="0" number="36"/>
						<line hits="0" number="38"/>
						<line hits="0" number="40"/>
						<line hits="0" number="42"/>
						<line hits="0" number="45"/>
						<line hits="0" number="46"/>
						<line hits="0" number="48"/>
						<line hits="0" number="51"/>
						<line hits="0" number="54"/>
						<line hits="0" number="57"/>
						<line hits="0" number="60"/>
						<line hits="0" number="61"/>
						<line hits="0" number="62"/>
						<line hits="0" number="63"/>
						<line hits="0" number="66"/>
						<line hits="0" number="67"/>
						<line hits="0" number="70"/>
						<line hits="0" number="71"/>
						<line hits="1" number="73"/>
						<line hits="0" number="74"/>
						<line hits="0" number="76"/>
						<line hits="0" number="77"/>
						<line hits="0" number="79"/>
						<line hits="1" number="81"/>
						<line hits="1" number="82"/>
						<line hits="1" number="83"/>
						<line hits="1" number="84"/>
						<line hits="1" number="85"/>
						<line hits="1" number="86"/>
						<line hits="1" number="87"/>
						<line hits="1" number="88"/>
						<line hits="1" number="90"/>
						<line hits="1" number="92"/>
						<line hits="1" number="93"/>
					</lines>
				</class>
				<class branch-rate="0" complexity="0" filename="main.py" line-rate="1" name="main.py">
					<methods/>
					<lines>
						<line hits="1" number="1"/>
						<line hits="1" number="2"/>
						<line hits="1" number="3"/>
						<line hits="1" number="4"/>
						<line hits="1" number="5"/>
						<line hits="1" number="8"/>
						<line hits="1" number="9"/>
					</lines>
				</class>
			</classes>
		</package>
		<package branch-rate="0" complexity="0" line-rate="0.5292" name=".usr.local.Cellar.numpy.1.10.4.lib.python2.7.site-packages.numpy">
			<classes>
				<class branch-rate="0" complexity="0" filename="/usr/local/Cellar/numpy/1.10.4/lib/python2.7/site-packages/numpy/__config__.py" line-rate="0.6" name="__config__.py">
					<methods/>
					<lines>
						<line hits="1" number="3"/>
						<line hits="1" number="5"/>
						<line hits="1" number="6"/>
						<line hits="1" number="7"/>
						<line hits="1" number="8"/>
						<line hits="1" number="9"/>
						<line hits="1" number="10"/>
						<line hits="1" number="11"/>
						<line hits="1" number="12"/>
						<line hits="1" number="13"/>
						<line hits="1" number="14"/>
						<line hits="1" number="15"/>
						<line hits="1" number="16"/>
						<line hits="1" number="17"/>
						<line hits="1" number="18"/>
						<line hits="1" number="19"/>
						<line hits="1" number="21"/>
						<line hits="0" number="22"/>
						<line hits="0" number="23"/>
						<line hits="1" number="25"/>
						<line hits="0" number="26"/>
						<line hits="0" number="27"/>
						<line hits="0" number="28"/>
						<line hits="0" number="29"/>
						<line hits="0" number="30"/>
						<line hits="0" number="31"/>
						<line hits="0" number="32"/>
						<line hits="0" number="33"/>
						<line hits="0" number="34"/>
						<line hits="0" number="35"/>
					</lines>
				</class>
				<class branch-rate="0" complexity="0" filename="/usr/local/Cellar/numpy/1.10.4/lib/python2.7/site-packages/numpy/__init__.py" line-rate="0.8413" name="__init__.py">
					<methods/>
					<lines>
						<line hits="1" number="107"/>
						<line hits="1" number="109"/>
						<line hits="1" number="112"/>
						<line hits="1" number="121"/>
						<line hits="1" number="124"/>
						<line hits="1" number="132"/>
						<line hits="1" number="135"/>
						<line hits="1" number="142"/>
						<line hits="1" number="147"/>
						<line hits="1" number="148"/>
						<line hits="1" number="153"/>
						<line hits="1" number="154"/>
						<line hits="1" number="155"/>
						<line hits="1" number="156"/>
						<line hits="1" number="159"/>
						<line hits="0" number="160"/>
						<line hits="0" number="161"/>
						<line hits="0" number="162"/>
						<line hits="1" number="164"/>
						<line hits="1" number="165"/>
						<line hits="0" number="166"/>
						<line hits="0" number="167"/>
						<line hits="0" number="170"/>
						<line hits="1" number="171"/>
						<line hits="1" number="172"/>
						<line hits="1" number="174"/>
						<line hits="1" number="176"/>
						<line hits="0" number="177"/>
						<line hits="0" number="178"/>
						<line hits="1" number="180"/>
						<line hits="1" number="181"/>
						<line hits="1" number="185"/>
						<line hits="1" number="187"/>
						<line hits="1" number="188"/>
						<line hits="1" number="189"/>
						<line hits="1" number="191"/>
						<line hits="1" number="192"/>
						<line hits="1" number="193"/>
						<line hits="1" number="194"/>
						<line hits="1" number="195"/>
						<line hits="1" number="196"/>
						<line hits="1" number="197"/>
						<line hits="1" number="198"/>
						<line hits="1" number="199"/>
						<line hits="1" number="200"/>
						<line hits="1" number="201"/>
						<line hits="1" number="202"/>
						<line hits="1" number="203"/>
						<line hits="1" number="204"/>
						<line hits="1" number="208"/>
						<line hits="0" number="209"/>
						<line hits="0" number="210"/>
						<line hits="1" number="212"/>
						<line hits="1" number="214"/>
						<line hits="1" number="216"/>
						<line hits="1" number="218"/>
						<line hits="1" number="219"/>
						<line hits="1" number="220"/>
						<line hits="1" number="221"/>
						<line hits="1" number="224"/>
						<line hits="1" number="225"/>
						<line hits="1" number="226"/>
						<line hits="1" number="227"/>
					</lines>
				</class>
				<class branch-rate="0" complexity="0" filename="/usr/local/Cellar/numpy/1.10.4/lib/python2.7/site-packages/numpy/_import_tools.py" line-rate="0.09735" name="_import_tools.py">
					<methods/>
					<lines>
						<line hits="1" number="1"/>
						<line hits="1" number="3"/>
						<line hits="1" number="4"/>
						<line hits="1" number="5"/>
						<line hits="1" number="7"/>
						<line hits="1" number="9"/>
						<line hits="1" number="10"/>
						<line hits="0" number="14"/>
						<line hits="0" number="15"/>
						<line hits="0" number="17"/>
						<line hits="0" number="18"/>
						<line hits="0" number="19"/>
						<line hits="0" number="20"/>
						<line hits="0" number="21"/>
						<line hits="0" number="22"/>
						<line hits="0" number="23"/>
						<line hits="0" number="24"/>
						<line hits="0" number="25"/>
						<line hits="0" number="26"/>
						<line hits="0" number="28"/>
						<line hits="0" number="29"/>
						<line hits="0" number="30"/>
						<line hits="1" number="32"/>
						<line hits="0" number="35"/>
						<line hits="0" number="36"/>
						<line hits="0" number="37"/>
						<line hits="0" number="38"/>
						<line hits="0" number="39"/>
						<line hits="0" number="40"/>
						<line hits="0" number="41"/>
						<line hits="0" number="42"/>
						<line hits="0" number="44"/>
						<line hits="0" number="45"/>
						<line hits="0" number="46"/>
						<line hits="0" number="47"/>
						<line hits="0" number="50"/>
						<line hits="1" number="52"/>
						<line hits="0" number="55"/>
						<line hits="0" number="56"/>
						<line hits="0" number="57"/>
						<line hits="0" number="59"/>
						<line hits="0" number="60"/>
						<line hits="0" number="61"/>
						<line hits="0" number="63"/>
						<line hits="0" number="64"/>
						<line hits="0" number="65"/>
						<line hits="0" number="66"/>
						<line hits="0" number="67"/>
						<line hits="0" number="68"/>
						<line hits="0" number="69"/>
						<line hits="0" number="71"/>
						<line hits="0" number="72"/>
						<line hits="0" number="73"/>
						<line hits="0" number="74"/>
						<line hits="0" number="75"/>
						<line hits="0" number="79"/>
						<line hits="0" number="80"/>
						<line hits="0" number="81"/>
						<line hits="0" number="82"/>
						<line hits="0" number="83"/>
						<line hits="0" number="84"/>
						<line hits="0" number="86"/>
						<line hits="0" number="88"/>
						<line hits="0" number="89"/>
						<line hits="0" number="93"/>
						<line hits="0" number="94"/>
						<line hits="0" number="95"/>
						<line hits="0" number="97"/>
						<line hits="0" number="98"/>
						<line hits="0" number="100"/>
						<line hits="0" number="101"/>
						<line hits="0" number="103"/>
						<line hits="1" number="105"/>
						<line hits="0" number="110"/>
						<line hits="0" number="111"/>
						<line hits="0" number="112"/>
						<line hits="0" number="113"/>
						<line hits="0" number="115"/>
						<line hits="0" number="116"/>
						<line hits="0" number="117"/>
						<line hits="0" number="118"/>
						<line hits="0" number="120"/>
						<line hits="0" number="121"/>
						<line hits="0" number="122"/>
						<line hits="0" number="123"/>
						<line hits="0" number="124"/>
						<line hits="0" number="125"/>
						<line hits="0" number="127"/>
						<line hits="0" number="129"/>
						<line hits="1" number="131"/>
						<line hits="0" number="168"/>
						<line hits="0" number="171"/>
						<line hits="0" number="172"/>
						<line hits="0" number="173"/>
						<line hits="0" number="174"/>
						<line hits="0" number="175"/>
						<line hits="0" number="176"/>
						<line hits="0" number="177"/>
						<line hits="0" number="179"/>
						<line hits="0" number="182"/>
						<line hits="0" number="183"/>
						<line hits="0" number="184"/>
						<line hits="0" number="185"/>
						<line hits="0" number="186"/>
						<line hits="0" number="187"/>
						<line hits="0" number="188"/>
						<line hits="0" number="190"/>
						<line hits="0" number="192"/>
						<line hits="0" number="194"/>
						<line hits="0" number="195"/>
						<line hits="0" number="196"/>
						<line hits="0" number="197"/>
						<line hits="0" number="199"/>
						<line hits="0" number="200"/>
						<line hits="0" number="201"/>
						<line hits="0" number="202"/>
						<line hits="0" number="206"/>
						<line hits="0" number="207"/>
						<line hits="0" number="209"/>
						<line hits="0" number="210"/>
						<line hits="0" number="211"/>
						<line hits="0" number="214"/>
						<line hits="0" number="215"/>
						<line hits="0" number="217"/>
						<line hits="0" number="219"/>
						<line hits="0" number="221"/>
						<line hits="0" number="222"/>
						<line hits="0" number="223"/>
						<line hits="0" number="224"/>
						<line hits="0" number="225"/>
						<line hits="0" number="227"/>
						<line hits="0" number="228"/>
						<line hits="0" number="229"/>
						<line hits="0" number="231"/>
						<line hits="0" number="232"/>
						<line hits="0" number="233"/>
						<line hits="0" number="234"/>
						<line hits="0" number="235"/>
						<line hits="0" number="239"/>
						<line hits="0" number="240"/>
						<line hits="0" number="242"/>
						<line hits="0" number="244"/>
						<line hits="1" number="246"/>
						<line hits="0" number="248"/>
						<line hits="0" number="249"/>
						<line hits="0" number="250"/>
						<line hits="0" number="251"/>
						<line hits="0" number="252"/>
						<line hits="0" number="253"/>
						<line hits="0" number="255"/>
						<line hits="0" number="256"/>
						<line hits="1" number="258"/>
						<line hits="0" number="260"/>
						<line hits="0" number="261"/>
						<line hits="0" number="262"/>
						<line hits="0" number="263"/>
						<line hits="0" number="264"/>
						<line hits="0" number="265"/>
						<line hits="0" number="266"/>
						<line hits="1" number="268"/>
						<line hits="0" number="269"/>
						<line hits="0" number="270"/>
						<line hits="1" number="271"/>
						<line hits="0" number="272"/>
						<line hits="0" number="273"/>
						<line hits="1" number="274"/>
						<line hits="0" number="275"/>
						<line hits="0" number="276"/>
						<line hits="1" number="278"/>
						<line hits="0" number="281"/>
						<line hits="0" number="282"/>
						<line hits="0" number="283"/>
						<line hits="0" number="284"/>
						<line hits="0" number="285"/>
						<line hits="0" number="286"/>
						<line hits="0" number="287"/>
						<line hits="0" number="288"/>
						<line hits="1" number="290"/>
						<line hits="0" number="291"/>
						<line hits="0" number="292"/>
						<line hits="0" number="293"/>
						<line hits="0" number="294"/>
						<line hits="0" number="295"/>
						<line hits="0" number="296"/>
						<line hits="0" number="297"/>
						<line hits="0" number="298"/>
						<line hits="0" number="299"/>
						<line hits="0" number="300"/>
						<line hits="0" number="301"/>
						<line hits="0" number="302"/>
						<line hits="0" number="303"/>
						<line hits="0" number="304"/>
						<line hits="0" number="305"/>
						<line hits="0" number="306"/>
						<line hits="0" number="308"/>
						<line hits="0" number="309"/>
						<line hits="1" number="311"/>
						<line hits="0" number="314"/>
						<line hits="0" number="315"/>
						<line hits="0" number="316"/>
						<line hits="0" number="318"/>
						<line hits="0" number="319"/>
						<line hits="0" number="320"/>
						<line hits="0" number="321"/>
						<line hits="0" number="322"/>
						<line hits="0" number="323"/>
						<line hits="0" number="324"/>
						<line hits="0" number="325"/>
						<line hits="0" number="326"/>
						<line hits="0" number="327"/>
						<line hits="0" number="328"/>
						<line hits="0" number="330"/>
						<line hits="0" number="334"/>
						<line hits="0" number="335"/>
						<line hits="0" number="339"/>
						<line hits="1" number="341"/>
						<line hits="1" number="342"/>
						<line hits="0" number="344"/>
						<line hits="0" number="345"/>
						<line hits="0" number="346"/>
						<line hits="0" number="347"/>
						<line hits="0" number="348"/>
						<line hits="0" number="349"/>
						<line hits="0" number="350"/>
						<line hits="1" number="352"/>
						<line hits="0" number="353"/>
					</lines>
				</class>
				<class branch-rate="0" complexity="0" filename="/usr/local/Cellar/numpy/1.10.4/lib/python2.7/site-packages/numpy/add_newdocs.py" line-rate="1" name="add_newdocs.py">
					<methods/>
					<lines>
						<line hits="1" number="11"/>
						<line hits="1" number="13"/>
						<line hits="1" number="23"/>
						<line hits="1" number="68"/>
						<line hits="1" number="83"/>
						<line hits="1" number="102"/>
						<line hits="1" number="121"/>
						<line hits="1" number="127"/>
						<line hits="1" number="152"/>
						<line hits="1" number="381"/>
						<line hits="1" number="400"/>
						<line hits="1" number="408"/>
						<line hits="1" number="418"/>
						<line hits="1" number="433"/>
						<line hits="1" number="442"/>
						<line hits="1" number="451"/>
						<line hits="1" number="467"/>
						<line hits="1" number="510"/>
						<line hits="1" number="528"/>
						<line hits="1" number="550"/>
						<line hits="1" number="564"/>
						<line hits="1" number="578"/>
						<line hits="1" number="592"/>
						<line hits="1" number="606"/>
						<line hits="1" number="643"/>
						<line hits="1" number="735"/>
						<line hits="1" number="781"/>
						<line hits="1" number="842"/>
						<line hits="1" number="856"/>
						<line hits="1" number="909"/>
						<line hits="1" number="937"/>
						<line hits="1" number="945"/>
						<line hits="1" number="997"/>
						<line hits="1" number="1031"/>
						<line hits="1" number="1106"/>
						<line hits="1" number="1144"/>
						<line hits="1" number="1219"/>
						<line hits="1" number="1293"/>
						<line hits="1" number="1296"/>
						<line hits="1" number="1299"/>
						<line hits="1" number="1360"/>
						<line hits="1" number="1367"/>
						<line hits="1" number="1375"/>
						<line hits="1" number="1383"/>
						<line hits="1" number="1427"/>
						<line hits="1" number="1499"/>
						<line hits="1" number="1575"/>
						<line hits="1" number="1683"/>
						<line hits="1" number="1735"/>
						<line hits="1" number="1783"/>
						<line hits="1" number="1852"/>
						<line hits="1" number="1870"/>
						<line hits="1" number="1904"/>
						<line hits="1" number="1979"/>
						<line hits="1" number="2103"/>
						<line hits="1" number="2323"/>
						<line hits="1" number="2393"/>
						<line hits="1" number="2522"/>
						<line hits="1" number="2526"/>
						<line hits="1" number="2530"/>
						<line hits="1" number="2534"/>
						<line hits="1" number="2538"/>
						<line hits="1" number="2545"/>
						<line hits="1" number="2566"/>
						<line hits="1" number="2669"/>
						<line hits="1" number="2673"/>
						<line hits="1" number="2702"/>
						<line hits="1" number="2717"/>
						<line hits="1" number="2733"/>
						<line hits="1" number="2804"/>
						<line hits="1" number="2846"/>
						<line hits="1" number="2866"/>
						<line hits="1" number="2882"/>
						<line hits="1" number="2901"/>
						<line hits="1" number="2931"/>
						<line hits="1" number="2949"/>
						<line hits="1" number="3011"/>
						<line hits="1" number="3041"/>
						<line hits="1" number="3051"/>
						<line hits="1" number="3057"/>
						<line hits="1" number="3063"/>
						<line hits="1" number="3079"/>
						<line hits="1" number="3087"/>
						<line hits="1" number="3095"/>
						<line hits="1" number="3113"/>
						<line hits="1" number="3128"/>
						<line hits="1" number="3143"/>
						<line hits="1" number="3158"/>
						<line hits="1" number="3173"/>
						<line hits="1" number="3188"/>
						<line hits="1" number="3205"/>
						<line hits="1" number="3274"/>
						<line hits="1" number="3314"/>
						<line hits="1" number="3329"/>
						<line hits="1" number="3345"/>
						<line hits="1" number="3360"/>
						<line hits="1" number="3375"/>
						<line hits="1" number="3390"/>
						<line hits="1" number="3433"/>
						<line hits="1" number="3448"/>
						<line hits="1" number="3463"/>
						<line hits="1" number="3480"/>
						<line hits="1" number="3509"/>
						<line hits="1" number="3523"/>
						<line hits="1" number="3537"/>
						<line hits="1" number="3562"/>
						<line hits="1" number="3596"/>
						<line hits="1" number="3638"/>
						<line hits="1" number="3696"/>
						<line hits="1" number="3742"/>
						<line hits="1" number="3757"/>
						<line hits="1" number="3772"/>
						<line hits="1" number="3787"/>
						<line hits="1" number="3813"/>
						<line hits="1" number="3855"/>
						<line hits="1" number="3870"/>
						<line hits="1" number="3885"/>
						<line hits="1" number="3900"/>
						<line hits="1" number="3914"/>
						<line hits="1" number="3947"/>
						<line hits="1" number="3990"/>
						<line hits="1" number="4007"/>
						<line hits="1" number="4022"/>
						<line hits="1" number="4037"/>
						<line hits="1" number="4126"/>
						<line hits="1" number="4141"/>
						<line hits="1" number="4156"/>
						<line hits="1" number="4207"/>
						<line hits="1" number="4279"/>
						<line hits="1" number="4335"/>
						<line hits="1" number="4390"/>
						<line hits="1" number="4405"/>
						<line hits="1" number="4420"/>
						<line hits="1" number="4435"/>
						<line hits="1" number="4450"/>
						<line hits="1" number="4465"/>
						<line hits="1" number="4500"/>
						<line hits="1" number="4536"/>
						<line hits="1" number="4572"/>
						<line hits="1" number="4579"/>
						<line hits="1" number="4583"/>
						<line hits="1" number="4598"/>
						<line hits="1" number="4652"/>
						<line hits="1" number="4667"/>
						<line hits="1" number="4773"/>
						<line hits="1" number="4813"/>
						<line hits="1" number="4877"/>
						<line hits="1" number="4943"/>
						<line hits="1" number="5023"/>
						<line hits="1" number="5096"/>
						<line hits="1" number="5154"/>
						<line hits="1" number="5197"/>
						<line hits="1" number="5207"/>
						<line hits="1" number="5233"/>
						<line hits="1" number="5277"/>
						<line hits="1" number="5334"/>
						<line hits="1" number="5402"/>
						<line hits="1" number="5421"/>
						<line hits="1" number="5445"/>
						<line hits="1" number="5463"/>
						<line hits="1" number="5486"/>
						<line hits="1" number="5512"/>
						<line hits="1" number="5556"/>
						<line hits="1" number="5643"/>
						<line hits="1" number="5717"/>
						<line hits="1" number="5819"/>
						<line hits="1" number="5881"/>
						<line hits="1" number="5949"/>
						<line hits="1" number="6040"/>
						<line hits="1" number="6048"/>
						<line hits="1" number="6091"/>
						<line hits="1" number="6094"/>
						<line hits="1" number="6103"/>
						<line hits="1" number="6130"/>
						<line hits="1" number="6142"/>
						<line hits="1" number="6155"/>
						<line hits="1" number="6184"/>
						<line hits="1" number="6191"/>
						<line hits="1" number="6199"/>
						<line hits="1" number="6208"/>
						<line hits="1" number="6226"/>
						<line hits="1" number="6234"/>
						<line hits="1" number="6249"/>
						<line hits="1" number="6257"/>
						<line hits="1" number="6264"/>
						<line hits="1" number="6267"/>
						<line hits="1" number="6281"/>
						<line hits="1" number="6290"/>
						<line hits="1" number="6362"/>
						<line hits="1" number="6426"/>
						<line hits="1" number="6429"/>
						<line hits="1" number="6432"/>
						<line hits="1" number="6483"/>
						<line hits="1" number="6573"/>
						<line hits="1" number="6643"/>
						<line hits="1" number="6686"/>
						<line hits="1" number="6732"/>
						<line hits="1" number="6746"/>
						<line hits="1" number="6760"/>
						<line hits="1" number="6774"/>
						<line hits="1" number="6777"/>
						<line hits="1" number="6780"/>
						<line hits="1" number="6783"/>
						<line hits="1" number="6786"/>
						<line hits="1" number="6789"/>
						<line hits="1" number="6792"/>
						<line hits="1" number="6795"/>
						<line hits="1" number="6798"/>
						<line hits="1" number="6801"/>
						<line hits="1" number="6804"/>
						<line hits="1" number="6807"/>
						<line hits="1" number="6812"/>
						<line hits="1" number="6826"/>
						<line hits="1" number="6840"/>
						<line hits="1" number="6854"/>
						<line hits="1" number="6868"/>
						<line hits="1" number="6882"/>
						<line hits="1" number="6896"/>
						<line hits="1" number="6910"/>
						<line hits="1" number="6924"/>
						<line hits="1" number="6938"/>
						<line hits="1" number="6952"/>
						<line hits="1" number="6966"/>
						<line hits="1" number="6980"/>
						<line hits="1" number="6994"/>
						<line hits="1" number="7008"/>
						<line hits="1" number="7022"/>
						<line hits="1" number="7036"/>
						<line hits="1" number="7050"/>
						<line hits="1" number="7064"/>
						<line hits="1" number="7078"/>
						<line hits="1" number="7092"/>
						<line hits="1" number="7106"/>
						<line hits="1" number="7120"/>
						<line hits="1" number="7134"/>
						<line hits="1" number="7148"/>
						<line hits="1" number="7162"/>
						<line hits="1" number="7195"/>
						<line hits="1" number="7209"/>
						<line hits="1" number="7223"/>
						<line hits="1" number="7237"/>
						<line hits="1" number="7251"/>
						<line hits="1" number="7265"/>
						<line hits="1" number="7279"/>
						<line hits="1" number="7293"/>
						<line hits="1" number="7307"/>
						<line hits="1" number="7321"/>
						<line hits="1" number="7335"/>
						<line hits="1" number="7349"/>
						<line hits="1" number="7363"/>
						<line hits="1" number="7377"/>
						<line hits="1" number="7391"/>
						<line hits="1" number="7405"/>
						<line hits="1" number="7419"/>
						<line hits="1" number="7433"/>
						<line hits="1" number="7447"/>
						<line hits="1" number="7461"/>
						<line hits="1" number="7475"/>
						<line hits="1" number="7489"/>
						<line hits="1" number="7503"/>
						<line hits="1" number="7517"/>
						<line hits="1" number="7531"/>
						<line hits="1" number="7552"/>
						<line hits="1" number="7555"/>
						<line hits="1" number="7561"/>
						<line hits="1" number="7568"/>
						<line hits="1" number="7574"/>
						<line hits="1" number="7580"/>
						<line hits="1" number="7586"/>
						<line hits="1" number="7590"/>
						<line hits="1" number="7597"/>
						<line hits="1" number="7600"/>
						<line hits="1" number="7603"/>
						<line hits="1" number="7606"/>
						<line hits="1" number="7609"/>
					</lines>
				</class>
				<class branch-rate="0" complexity="0" filename="/usr/local/Cellar/numpy/1.10.4/lib/python2.7/site-packages/numpy/ctypeslib.py" line-rate="0.2299" name="ctypeslib.py">
					<methods/>
					<lines>
						<line hits="1" number="52"/>
						<line hits="1" number="54"/>
						<line hits="1" number="57"/>
						<line hits="1" number="58"/>
						<line hits="1" number="59"/>
						<line hits="1" number="61"/>
						<line hits="1" number="62"/>
						<line hits="0" number="63"/>
						<line hits="0" number="64"/>
						<line hits="1" number="66"/>
						<line hits="0" number="67"/>
						<line hits="0" number="77"/>
						<line hits="0" number="78"/>
						<line hits="0" number="79"/>
						<line hits="0" number="80"/>
						<line hits="0" number="81"/>
						<line hits="0" number="82"/>
						<line hits="0" number="83"/>
						<line hits="1" number="85"/>
						<line hits="1" number="86"/>
						<line hits="1" number="87"/>
						<line hits="1" number="88"/>
						<line hits="1" number="91"/>
						<line hits="0" number="92"/>
						<line hits="0" number="93"/>
						<line hits="0" number="94"/>
						<line hits="0" number="97"/>
						<line hits="0" number="98"/>
						<line hits="0" number="102"/>
						<line hits="0" number="103"/>
						<line hits="0" number="104"/>
						<line hits="0" number="107"/>
						<line hits="0" number="108"/>
						<line hits="0" number="109"/>
						<line hits="0" number="111"/>
						<line hits="0" number="113"/>
						<line hits="0" number="114"/>
						<line hits="0" number="115"/>
						<line hits="0" number="117"/>
						<line hits="0" number="119"/>
						<line hits="0" number="120"/>
						<line hits="0" number="121"/>
						<line hits="0" number="122"/>
						<line hits="0" number="123"/>
						<line hits="0" number="124"/>
						<line hits="0" number="126"/>
						<line hits="0" number="128"/>
						<line hits="1" number="130"/>
						<line hits="1" number="133"/>
						<line hits="0" number="134"/>
						<line hits="0" number="135"/>
						<line hits="0" number="136"/>
						<line hits="0" number="137"/>
						<line hits="1" number="139"/>
						<line hits="1" number="141"/>
						<line hits="0" number="142"/>
						<line hits="0" number="143"/>
						<line hits="0" number="144"/>
						<line hits="0" number="145"/>
						<line hits="0" number="146"/>
						<line hits="0" number="147"/>
						<line hits="1" number="150"/>
						<line hits="1" number="152"/>
						<line hits="0" number="156"/>
						<line hits="1" number="158"/>
						<line hits="0" number="160"/>
						<line hits="1" number="169"/>
						<line hits="0" number="171"/>
						<line hits="0" number="172"/>
						<line hits="0" number="173"/>
						<line hits="0" number="175"/>
						<line hits="0" number="176"/>
						<line hits="0" number="178"/>
						<line hits="0" number="179"/>
						<line hits="0" number="181"/>
						<line hits="0" number="182"/>
						<line hits="0" number="184"/>
						<line hits="0" number="186"/>
						<line hits="1" number="191"/>
						<line hits="1" number="192"/>
						<line hits="0" number="244"/>
						<line hits="0" number="245"/>
						<line hits="0" number="246"/>
						<line hits="0" number="247"/>
						<line hits="0" number="248"/>
						<line hits="0" number="249"/>
						<line hits="0" number="250"/>
						<line hits="0" number="251"/>
						<line hits="0" number="252"/>
						<line hits="0" number="253"/>
						<line hits="0" number="254"/>
						<line hits="0" number="255"/>
						<line hits="0" number="256"/>
						<line hits="0" number="257"/>
						<line hits="0" number="258"/>
						<line hits="0" number="259"/>
						<line hits="0" number="260"/>
						<line hits="0" number="261"/>
						<line hits="0" number="262"/>
						<line hits="0" number="263"/>
						<line hits="0" number="264"/>
						<line hits="0" number="265"/>
						<line hits="0" number="266"/>
						<line hits="0" number="267"/>
						<line hits="0" number="268"/>
						<line hits="0" number="269"/>
						<line hits="0" number="271"/>
						<line hits="0" number="272"/>
						<line hits="0" number="273"/>
						<line hits="0" number="274"/>
						<line hits="0" number="275"/>
						<line hits="0" number="276"/>
						<line hits="0" number="277"/>
						<line hits="0" number="278"/>
						<line hits="0" number="279"/>
						<line hits="0" number="280"/>
						<line hits="0" number="281"/>
						<line hits="0" number="282"/>
						<line hits="0" number="283"/>
						<line hits="0" number="285"/>
						<line hits="0" number="286"/>
						<line hits="0" number="291"/>
						<line hits="0" number="292"/>
						<line hits="1" number="294"/>
						<line hits="1" number="295"/>
						<line hits="1" number="301"/>
						<line hits="1" number="303"/>
						<line hits="1" number="307"/>
						<line hits="1" number="308"/>
						<line hits="1" number="309"/>
						<line hits="1" number="311"/>
						<line hits="1" number="312"/>
						<line hits="1" number="314"/>
						<line hits="0" number="315"/>
						<line hits="1" number="324"/>
						<line hits="1" number="326"/>
						<line hits="1" number="333"/>
						<line hits="1" number="334"/>
						<line hits="1" number="335"/>
						<line hits="1" number="340"/>
						<line hits="1" number="342"/>
						<line hits="0" number="346"/>
						<line hits="0" number="347"/>
						<line hits="0" number="348"/>
						<line hits="0" number="350"/>
						<line hits="0" number="351"/>
						<line hits="0" number="352"/>
						<line hits="0" number="353"/>
						<line hits="0" number="354"/>
						<line hits="0" number="355"/>
						<line hits="0" number="356"/>
						<line hits="0" number="357"/>
						<line hits="0" number="358"/>
						<line hits="0" number="360"/>
						<line hits="0" number="361"/>
						<line hits="0" number="370"/>
						<line hits="1" number="372"/>
						<line hits="0" number="377"/>
						<line hits="0" number="378"/>
						<line hits="0" number="379"/>
						<line hits="0" number="381"/>
						<line hits="0" number="382"/>
						<line hits="0" number="384"/>
						<line hits="0" number="389"/>
						<line hits="1" number="394"/>
						<line hits="0" number="401"/>
						<line hits="0" number="402"/>
						<line hits="0" number="403"/>
						<line hits="0" number="404"/>
						<line hits="0" number="405"/>
						<line hits="0" number="407"/>
						<line hits="0" number="408"/>
						<line hits="1" number="410"/>
						<line hits="0" number="413"/>
						<line hits="0" number="414"/>
						<line hits="0" number="415"/>
						<line hits="0" number="416"/>
						<line hits="0" number="417"/>
						<line hits="0" number="418"/>
						<line hits="0" number="419"/>
						<line hits="0" number="420"/>
						<line hits="0" number="421"/>
						<line hits="0" number="422"/>
						<line hits="0" number="423"/>
						<line hits="0" number="424"/>
						<line hits="0" number="425"/>
						<line hits="0" number="426"/>
					</lines>
				</class>
				<class branch-rate="0" complexity="0" filename="/usr/local/Cellar/numpy/1.10.4/lib/python2.7/site-packages/numpy/version.py" line-rate="0.8571" name="version.py">
					<methods/>
					<lines>
						<line hits="1" number="3"/>
						<line hits="1" number="4"/>
						<line hits="1" number="5"/>
						<line hits="1" number="6"/>
						<line hits="1" number="7"/>
						<line hits="1" number="9"/>
						<line hits="0" number="10"/>
					</lines>
				</class>
			</classes>
		</package>
		<package branch-rate="0" complexity="0" line-rate="0.5852" name=".usr.local.Cellar.numpy.1.10.4.lib.python2.7.site-packages.numpy.compat">
			<classes>
				<class branch-rate="0" complexity="0" filename="/usr/local/Cellar/numpy/1.10.4/lib/python2.7/site-packages/numpy/compat/__init__.py" line-rate="1" name="__init__.py">
					<methods/>
					<lines>
						<line hits="1" number="11"/>
						<line hits="1" number="13"/>
						<line hits="1" number="14"/>
						<line hits="1" number="15"/>
						<line hits="1" number="16"/>
						<line hits="1" number="18"/>
						<line hits="1" number="19"/>
						<line hits="1" number="20"/>
					</lines>
				</class>
				<class branch-rate="0" complexity="0" filename="/usr/local/Cellar/numpy/1.10.4/lib/python2.7/site-packages/numpy/compat/_inspect.py" line-rate="0.7429" name="_inspect.py">
					<methods/>
					<lines>
						<line hits="1" number="8"/>
						<line hits="1" number="10"/>
						<line hits="1" number="12"/>
						<line hits="1" number="15"/>
						<line hits="1" number="26"/>
						<line hits="1" number="28"/>
						<line hits="1" number="41"/>
						<line hits="1" number="43"/>
						<line hits="1" number="61"/>
						<line hits="1" number="65"/>
						<line hits="1" number="67"/>
						<line hits="1" number="76"/>
						<line hits="0" number="77"/>
						<line hits="1" number="79"/>
						<line hits="1" number="80"/>
						<line hits="1" number="81"/>
						<line hits="1" number="86"/>
						<line hits="1" number="87"/>
						<line hits="0" number="88"/>
						<line hits="1" number="89"/>
						<line hits="1" number="90"/>
						<line hits="1" number="91"/>
						<line hits="1" number="92"/>
						<line hits="1" number="93"/>
						<line hits="1" number="94"/>
						<line hits="1" number="95"/>
						<line hits="1" number="96"/>
						<line hits="1" number="98"/>
						<line hits="1" number="108"/>
						<line hits="1" number="109"/>
						<line hits="1" number="110"/>
						<line hits="1" number="111"/>
						<line hits="1" number="112"/>
						<line hits="1" number="113"/>
						<line hits="1" number="115"/>
						<line hits="0" number="124"/>
						<line hits="0" number="125"/>
						<line hits="1" number="127"/>
						<line hits="0" number="128"/>
						<line hits="0" number="129"/>
						<line hits="0" number="131"/>
						<line hits="1" number="133"/>
						<line hits="1" number="137"/>
						<line hits="0" number="138"/>
						<line hits="1" number="140"/>
						<line hits="1" number="142"/>
						<line hits="1" number="156"/>
						<line hits="1" number="157"/>
						<line hits="1" number="158"/>
						<line hits="1" number="159"/>
						<line hits="1" number="160"/>
						<line hits="1" number="161"/>
						<line hits="1" number="162"/>
						<line hits="1" number="163"/>
						<line hits="1" number="164"/>
						<line hits="1" number="165"/>
						<line hits="1" number="166"/>
						<line hits="1" number="167"/>
						<line hits="1" number="168"/>
						<line hits="1" number="170"/>
						<line hits="0" number="184"/>
						<line hits="0" number="186"/>
						<line hits="0" number="187"/>
						<line hits="0" number="188"/>
						<line hits="0" number="189"/>
						<line hits="0" number="190"/>
						<line hits="0" number="191"/>
						<line hits="0" number="192"/>
						<line hits="0" number="193"/>
						<line hits="0" number="194"/>
					</lines>
				</class>
				<class branch-rate="0" complexity="0" filename="/usr/local/Cellar/numpy/1.10.4/lib/python2.7/site-packages/numpy/compat/py3k.py" line-rate="0.3333" name="py3k.py">
					<methods/>
					<lines>
						<line hits="1" number="5"/>
						<line hits="1" number="7"/>
						<line hits="1" number="12"/>
						<line hits="1" number="14"/>
						<line hits="0" number="15"/>
						<line hits="0" number="17"/>
						<line hits="0" number="18"/>
						<line hits="0" number="19"/>
						<line hits="0" number="20"/>
						<line hits="0" number="21"/>
						<line hits="0" number="23"/>
						<line hits="0" number="24"/>
						<line hits="0" number="25"/>
						<line hits="0" number="26"/>
						<line hits="0" number="28"/>
						<line hits="0" number="29"/>
						<line hits="0" number="30"/>
						<line hits="0" number="31"/>
						<line hits="0" number="33"/>
						<line hits="0" number="34"/>
						<line hits="0" number="35"/>
						<line hits="0" number="36"/>
						<line hits="0" number="38"/>
						<line hits="0" number="39"/>
						<line hits="0" number="41"/>
						<line hits="0" number="42"/>
						<line hits="0" number="44"/>
						<line hits="0" number="45"/>
						<line hits="0" number="47"/>
						<line hits="1" number="51"/>
						<line hits="1" number="52"/>
						<line hits="1" number="53"/>
						<line hits="1" number="54"/>
						<line hits="1" number="55"/>
						<line hits="1" number="56"/>
						<line hits="1" number="57"/>
						<line hits="1" number="58"/>
						<line hits="1" number="60"/>
						<line hits="0" number="61"/>
						<line hits="1" number="63"/>
						<line hits="0" number="64"/>
						<line hits="0" number="65"/>
						<line hits="0" number="66"/>
						<line hits="1" number="68"/>
						<line hits="0" number="69"/>
						<line hits="1" number="71"/>
						<line hits="0" number="72"/>
						<line hits="1" number="75"/>
						<line hits="0" number="76"/>
						<line hits="1" number="78"/>
						<line hits="0" number="79"/>
						<line hits="0" number="80"/>
						<line hits="0" number="82"/>
						<line hits="1" number="84"/>
						<line hits="0" number="85"/>
						<line hits="0" number="86"/>
						<line hits="0" number="88"/>
					</lines>
				</class>
			</classes>
		</package>
		<package branch-rate="0" complexity="0" line-rate="0.2931" name=".usr.local.Cellar.numpy.1.10.4.lib.python2.7.site-packages.numpy.core">
			<classes>
				<class branch-rate="0" complexity="0" filename="/usr/local/Cellar/numpy/1.10.4/lib/python2.7/site-packages/numpy/core/__init__.py" line-rate="0.9091" name="__init__.py">
					<methods/>
					<lines>
						<line hits="1" number="1"/>
						<line hits="1" number="3"/>
						<line hits="1" number="4"/>
						<line hits="1" number="8"/>
						<line hits="1" number="9"/>
						<line hits="1" number="10"/>
						<line hits="1" number="11"/>
						<line hits="1" number="12"/>
						<line hits="1" number="13"/>
						<line hits="1" number="14"/>
						<line hits="1" number="15"/>
						<line hits="1" number="16"/>
						<line hits="1" number="17"/>
						<line hits="1" number="18"/>
						<line hits="1" number="19"/>
						<line hits="1" number="21"/>
						<line hits="1" number="22"/>
						<line hits="1" number="23"/>
						<line hits="1" number="24"/>
						<line hits="1" number="25"/>
						<line hits="1" number="26"/>
						<line hits="1" number="27"/>
						<line hits="1" number="28"/>
						<line hits="1" number="29"/>
						<line hits="1" number="30"/>
						<line hits="1" number="31"/>
						<line hits="1" number="32"/>
						<line hits="1" number="33"/>
						<line hits="1" number="34"/>
						<line hits="1" number="35"/>
						<line hits="1" number="36"/>
						<line hits="1" number="37"/>
						<line hits="1" number="38"/>
						<line hits="1" number="39"/>
						<line hits="1" number="40"/>
						<line hits="1" number="41"/>
						<line hits="1" number="42"/>
						<line hits="1" number="44"/>
						<line hits="1" number="45"/>
						<line hits="1" number="47"/>
						<line hits="1" number="48"/>
						<line hits="1" number="49"/>
						<line hits="1" number="50"/>
						<line hits="1" number="51"/>
						<line hits="1" number="52"/>
						<line hits="1" number="53"/>
						<line hits="1" number="54"/>
						<line hits="1" number="55"/>
						<line hits="1" number="58"/>
						<line hits="1" number="59"/>
						<line hits="1" number="60"/>
						<line hits="1" number="66"/>
						<line hits="0" number="71"/>
						<line hits="0" number="72"/>
						<line hits="1" number="74"/>
						<line hits="0" number="75"/>
						<line hits="0" number="76"/>
						<line hits="0" number="77"/>
						<line hits="1" number="80"/>
						<line hits="1" number="81"/>
						<line hits="0" number="82"/>
						<line hits="1" number="84"/>
						<line hits="1" number="86"/>
						<line hits="1" number="88"/>
						<line hits="1" number="89"/>
						<line hits="1" number="90"/>
					</lines>
				</class>
				<class branch-rate="0" complexity="0" filename="/usr/local/Cellar/numpy/1.10.4/lib/python2.7/site-packages/numpy/core/_internal.py" line-rate="0.1591" name="_internal.py">
					<methods/>
					<lines>
						<line hits="1" number="7"/>
						<line hits="1" number="9"/>
						<line hits="1" number="10"/>
						<line hits="1" number="12"/>
						<line hits="1" number="13"/>
						<line hits="1" number="14"/>
						<line hits="1" number="15"/>
						<line hits="1" number="17"/>
						<line hits="1" number="18"/>
						<line hits="0" number="20"/>
						<line hits="1" number="22"/>
						<line hits="0" number="23"/>
						<line hits="0" number="24"/>
						<line hits="0" number="25"/>
						<line hits="0" number="26"/>
						<line hits="0" number="27"/>
						<line hits="0" number="28"/>
						<line hits="0" number="29"/>
						<line hits="0" number="30"/>
						<line hits="0" number="31"/>
						<line hits="0" number="32"/>
						<line hits="0" number="33"/>
						<line hits="0" number="34"/>
						<line hits="0" number="35"/>
						<line hits="0" number="36"/>
						<line hits="0" number="37"/>
						<line hits="0" number="38"/>
						<line hits="0" number="39"/>
						<line hits="0" number="41"/>
						<line hits="0" number="42"/>
						<line hits="0" number="44"/>
						<line hits="0" number="45"/>
						<line hits="0" number="46"/>
						<line hits="0" number="47"/>
						<line hits="0" number="48"/>
						<line hits="0" number="50"/>
						<line hits="1" number="55"/>
						<line hits="0" number="56"/>
						<line hits="0" number="57"/>
						<line hits="0" number="58"/>
						<line hits="0" number="59"/>
						<line hits="0" number="60"/>
						<line hits="0" number="61"/>
						<line hits="0" number="63"/>
						<line hits="0" number="64"/>
						<line hits="0" number="65"/>
						<line hits="0" number="66"/>
						<line hits="0" number="67"/>
						<line hits="0" number="68"/>
						<line hits="0" number="69"/>
						<line hits="0" number="70"/>
						<line hits="0" number="71"/>
						<line hits="0" number="73"/>
						<line hits="0" number="75"/>
						<line hits="1" number="87"/>
						<line hits="0" number="88"/>
						<line hits="0" number="89"/>
						<line hits="0" number="90"/>
						<line hits="0" number="91"/>
						<line hits="0" number="92"/>
						<line hits="0" number="93"/>
						<line hits="0" number="95"/>
						<line hits="0" number="96"/>
						<line hits="0" number="97"/>
						<line hits="0" number="99"/>
						<line hits="0" number="101"/>
						<line hits="0" number="103"/>
						<line hits="0" number="104"/>
						<line hits="0" number="105"/>
						<line hits="0" number="106"/>
						<line hits="0" number="107"/>
						<line hits="0" number="108"/>
						<line hits="0" number="109"/>
						<line hits="0" number="110"/>
						<line hits="0" number="111"/>
						<line hits="0" number="112"/>
						<line hits="0" number="113"/>
						<line hits="0" number="115"/>
						<line hits="0" number="116"/>
						<line hits="0" number="117"/>
						<line hits="0" number="120"/>
						<line hits="0" number="121"/>
						<line hits="0" number="122"/>
						<line hits="0" number="124"/>
						<line hits="1" number="131"/>
						<line hits="0" number="132"/>
						<line hits="1" number="137"/>
						<line hits="1" number="142"/>
						<line hits="1" number="143"/>
						<line hits="1" number="147"/>
						<line hits="1" number="149"/>
						<line hits="0" number="150"/>
						<line hits="0" number="151"/>
						<line hits="0" number="152"/>
						<line hits="0" number="153"/>
						<line hits="0" number="154"/>
						<line hits="0" number="155"/>
						<line hits="0" number="156"/>
						<line hits="0" number="157"/>
						<line hits="0" number="159"/>
						<line hits="0" number="161"/>
						<line hits="0" number="162"/>
						<line hits="0" number="163"/>
						<line hits="0" number="165"/>
						<line hits="0" number="166"/>
						<line hits="0" number="167"/>
						<line hits="0" number="170"/>
						<line hits="0" number="172"/>
						<line hits="0" number="173"/>
						<line hits="0" number="174"/>
						<line hits="0" number="175"/>
						<line hits="0" number="177"/>
						<line hits="0" number="178"/>
						<line hits="0" number="179"/>
						<line hits="0" number="180"/>
						<line hits="0" number="183"/>
						<line hits="0" number="185"/>
						<line hits="0" number="186"/>
						<line hits="0" number="187"/>
						<line hits="0" number="188"/>
						<line hits="0" number="189"/>
						<line hits="0" number="191"/>
						<line hits="0" number="192"/>
						<line hits="0" number="194"/>
						<line hits="1" number="196"/>
						<line hits="1" number="197"/>
						<line hits="1" number="198"/>
						<line hits="0" number="199"/>
						<line hits="1" number="200"/>
						<line hits="1" number="201"/>
						<line hits="0" number="202"/>
						<line hits="1" number="203"/>
						<line hits="1" number="204"/>
						<line hits="0" number="205"/>
						<line hits="0" number="206"/>
						<line hits="0" number="208"/>
						<line hits="1" number="209"/>
						<line hits="1" number="210"/>
						<line hits="1" number="211"/>
						<line hits="1" number="215"/>
						<line hits="1" number="216"/>
						<line hits="0" number="217"/>
						<line hits="1" number="219"/>
						<line hits="0" number="220"/>
						<line hits="1" number="222"/>
						<line hits="1" number="223"/>
						<line hits="0" number="224"/>
						<line hits="0" number="225"/>
						<line hits="0" number="226"/>
						<line hits="0" number="227"/>
						<line hits="0" number="228"/>
						<line hits="0" number="229"/>
						<line hits="0" number="230"/>
						<line hits="0" number="231"/>
						<line hits="0" number="233"/>
						<line hits="1" number="235"/>
						<line hits="0" number="236"/>
						<line hits="1" number="238"/>
						<line hits="0" number="239"/>
						<line hits="0" number="240"/>
						<line hits="0" number="241"/>
						<line hits="1" number="243"/>
						<line hits="0" number="244"/>
						<line hits="0" number="245"/>
						<line hits="0" number="246"/>
						<line hits="1" number="248"/>
						<line hits="0" number="249"/>
						<line hits="1" number="251"/>
						<line hits="0" number="252"/>
						<line hits="0" number="253"/>
						<line hits="0" number="254"/>
						<line hits="1" number="256"/>
						<line hits="0" number="257"/>
						<line hits="0" number="258"/>
						<line hits="0" number="259"/>
						<line hits="1" number="261"/>
						<line hits="0" number="262"/>
						<line hits="1" number="264"/>
						<line hits="1" number="265"/>
						<line hits="1" number="266"/>
						<line hits="1" number="267"/>
						<line hits="1" number="273"/>
						<line hits="0" number="274"/>
						<line hits="0" number="275"/>
						<line hits="0" number="276"/>
						<line hits="0" number="277"/>
						<line hits="0" number="278"/>
						<line hits="0" number="279"/>
						<line hits="0" number="280"/>
						<line hits="0" number="281"/>
						<line hits="0" number="282"/>
						<line hits="0" number="283"/>
						<line hits="0" number="284"/>
						<line hits="0" number="285"/>
						<line hits="1" number="287"/>
						<line hits="0" number="300"/>
						<line hits="0" number="301"/>
						<line hits="0" number="303"/>
						<line hits="1" number="305"/>
						<line hits="0" number="326"/>
						<line hits="0" number="327"/>
						<line hits="0" number="328"/>
						<line hits="0" number="329"/>
						<line hits="0" number="330"/>
						<line hits="0" number="331"/>
						<line hits="0" number="333"/>
						<line hits="0" number="334"/>
						<line hits="0" number="335"/>
						<line hits="1" number="337"/>
						<line hits="0" number="359"/>
						<line hits="0" number="360"/>
						<line hits="0" number="362"/>
						<line hits="0" number="363"/>
						<line hits="0" number="364"/>
						<line hits="1" number="369"/>
						<line hits="1" number="393"/>
						<line hits="1" number="395"/>
						<line hits="1" number="417"/>
						<line hits="1" number="419"/>
						<line hits="0" number="420"/>
						<line hits="0" number="421"/>
						<line hits="0" number="422"/>
						<line hits="0" number="423"/>
						<line hits="0" number="424"/>
						<line hits="0" number="425"/>
						<line hits="0" number="427"/>
						<line hits="0" number="429"/>
						<line hits="0" number="430"/>
						<line hits="0" number="432"/>
						<line hits="0" number="433"/>
						<line hits="0" number="434"/>
						<line hits="0" number="435"/>
						<line hits="0" number="436"/>
						<line hits="0" number="437"/>
						<line hits="0" number="440"/>
						<line hits="0" number="441"/>
						<line hits="0" number="444"/>
						<line hits="0" number="445"/>
						<line hits="0" number="446"/>
						<line hits="0" number="449"/>
						<line hits="0" number="450"/>
						<line hits="0" number="451"/>
						<line hits="0" number="452"/>
						<line hits="0" number="453"/>
						<line hits="0" number="456"/>
						<line hits="0" number="457"/>
						<line hits="0" number="458"/>
						<line hits="0" number="459"/>
						<line hits="0" number="460"/>
						<line hits="0" number="463"/>
						<line hits="0" number="464"/>
						<line hits="0" number="465"/>
						<line hits="0" number="467"/>
						<line hits="0" number="468"/>
						<line hits="0" number="471"/>
						<line hits="0" number="472"/>
						<line hits="0" number="473"/>
						<line hits="0" number="474"/>
						<line hits="0" number="475"/>
						<line hits="0" number="476"/>
						<line hits="0" number="477"/>
						<line hits="0" number="478"/>
						<line hits="0" number="481"/>
						<line hits="0" number="483"/>
						<line hits="0" number="484"/>
						<line hits="0" number="486"/>
						<line hits="0" number="487"/>
						<line hits="0" number="488"/>
						<line hits="0" number="489"/>
						<line hits="0" number="491"/>
						<line hits="0" number="492"/>
						<line hits="0" number="493"/>
						<line hits="0" number="494"/>
						<line hits="0" number="495"/>
						<line hits="0" number="496"/>
						<line hits="0" number="497"/>
						<line hits="0" number="498"/>
						<line hits="0" number="499"/>
						<line hits="0" number="500"/>
						<line hits="0" number="501"/>
						<line hits="0" number="503"/>
						<line hits="0" number="511"/>
						<line hits="0" number="512"/>
						<line hits="0" number="513"/>
						<line hits="0" number="514"/>
						<line hits="0" number="516"/>
						<line hits="0" number="518"/>
						<line hits="0" number="519"/>
						<line hits="0" number="521"/>
						<line hits="0" number="525"/>
						<line hits="0" number="528"/>
						<line hits="0" number="532"/>
						<line hits="0" number="533"/>
						<line hits="0" number="536"/>
						<line hits="0" number="537"/>
						<line hits="0" number="540"/>
						<line hits="0" number="541"/>
						<line hits="0" number="542"/>
						<line hits="0" number="543"/>
						<line hits="0" number="544"/>
						<line hits="0" number="545"/>
						<line hits="0" number="546"/>
						<line hits="0" number="548"/>
						<line hits="0" number="550"/>
						<line hits="0" number="551"/>
						<line hits="0" number="552"/>
						<line hits="0" number="554"/>
						<line hits="0" number="555"/>
						<line hits="0" number="556"/>
						<line hits="0" number="558"/>
						<line hits="0" number="560"/>
						<line hits="0" number="561"/>
						<line hits="0" number="564"/>
						<line hits="0" number="566"/>
						<line hits="0" number="568"/>
						<line hits="0" number="571"/>
						<line hits="0" number="572"/>
						<line hits="0" number="573"/>
						<line hits="0" number="574"/>
						<line hits="0" number="575"/>
						<line hits="0" number="578"/>
						<line hits="0" number="579"/>
						<line hits="0" number="581"/>
						<line hits="1" number="583"/>
						<line hits="0" number="585"/>
						<line hits="0" number="586"/>
						<line hits="0" number="588"/>
						<line hits="0" number="590"/>
						<line hits="0" number="593"/>
						<line hits="0" number="595"/>
						<line hits="0" number="598"/>
						<line hits="0" number="599"/>
						<line hits="0" number="600"/>
						<line hits="0" number="601"/>
						<line hits="0" number="602"/>
						<line hits="0" number="603"/>
						<line hits="0" number="604"/>
						<line hits="0" number="606"/>
						<line hits="0" number="607"/>
						<line hits="0" number="609"/>
						<line hits="0" number="610"/>
						<line hits="0" number="611"/>
						<line hits="0" number="612"/>
						<line hits="1" number="614"/>
						<line hits="0" number="615"/>
						<line hits="0" number="616"/>
						<line hits="0" number="617"/>
						<line hits="0" number="618"/>
						<line hits="1" number="620"/>
						<line hits="0" number="622"/>
						<line hits="0" number="623"/>
						<line hits="0" number="624"/>
					</lines>
				</class>
				<class branch-rate="0" complexity="0" filename="/usr/local/Cellar/numpy/1.10.4/lib/python2.7/site-packages/numpy/core/_methods.py" line-rate="0.5" name="_methods.py">
					<methods/>
					<lines>
						<line hits="1" number="6"/>
						<line hits="1" number="8"/>
						<line hits="1" number="10"/>
						<line hits="1" number="11"/>
						<line hits="1" number="12"/>
						<line hits="1" number="13"/>
						<line hits="1" number="16"/>
						<line hits="1" number="17"/>
						<line hits="1" number="18"/>
						<line hits="1" number="19"/>
						<line hits="1" number="20"/>
						<line hits="1" number="21"/>
						<line hits="1" number="25"/>
						<line hits="0" number="26"/>
						<line hits="1" number="28"/>
						<line hits="0" number="29"/>
						<line hits="1" number="31"/>
						<line hits="0" number="32"/>
						<line hits="1" number="34"/>
						<line hits="0" number="35"/>
						<line hits="1" number="37"/>
						<line hits="0" number="38"/>
						<line hits="1" number="40"/>
						<line hits="0" number="41"/>
						<line hits="1" number="43"/>
						<line hits="1" number="44"/>
						<line hits="0" number="45"/>
						<line hits="1" number="46"/>
						<line hits="1" number="47"/>
						<line hits="1" number="48"/>
						<line hits="1" number="49"/>
						<line hits="1" number="50"/>
						<line hits="1" number="51"/>
						<line hits="1" number="53"/>
						<line hits="1" number="54"/>
						<line hits="1" number="56"/>
						<line hits="1" number="58"/>
						<line hits="0" number="59"/>
						<line hits="1" number="62"/>
						<line hits="1" number="63"/>
						<line hits="1" number="65"/>
						<line hits="1" number="66"/>
						<line hits="0" number="67"/>
						<line hits="1" number="69"/>
						<line hits="1" number="70"/>
						<line hits="0" number="72"/>
						<line hits="1" number="74"/>
						<line hits="1" number="76"/>
						<line hits="0" number="77"/>
						<line hits="0" number="79"/>
						<line hits="0" number="81"/>
						<line hits="0" number="82"/>
						<line hits="0" number="85"/>
						<line hits="0" number="86"/>
						<line hits="0" number="91"/>
						<line hits="0" number="92"/>
						<line hits="0" number="93"/>
						<line hits="0" number="96"/>
						<line hits="0" number="101"/>
						<line hits="0" number="102"/>
						<line hits="0" number="103"/>
						<line hits="0" number="105"/>
						<line hits="0" number="106"/>
						<line hits="0" number="109"/>
						<line hits="0" number="112"/>
						<line hits="0" number="113"/>
						<line hits="0" number="115"/>
						<line hits="0" number="116"/>
						<line hits="0" number="118"/>
						<line hits="0" number="120"/>
						<line hits="1" number="122"/>
						<line hits="0" number="123"/>
						<line hits="0" number="126"/>
						<line hits="0" number="127"/>
						<line hits="0" number="128"/>
						<line hits="0" number="129"/>
						<line hits="0" number="131"/>
						<line hits="0" number="133"/>
					</lines>
				</class>
				<class branch-rate="0" complexity="0" filename="/usr/local/Cellar/numpy/1.10.4/lib/python2.7/site-packages/numpy/core/arrayprint.py" line-rate="0.1545" name="arrayprint.py">
					<methods/>
					<lines>
						<line hits="1" number="6"/>
						<line hits="1" number="8"/>
						<line hits="1" number="9"/>
						<line hits="1" number="18"/>
						<line hits="1" number="19"/>
						<line hits="1" number="20"/>
						<line hits="1" number="21"/>
						<line hits="1" number="22"/>
						<line hits="1" number="24"/>
						<line hits="1" number="25"/>
						<line hits="1" number="27"/>
						<line hits="0" number="28"/>
						<line hits="0" number="29"/>
						<line hits="1" number="31"/>
						<line hits="1" number="32"/>
						<line hits="1" number="34"/>
						<line hits="0" number="35"/>
						<line hits="1" number="37"/>
						<line hits="1" number="38"/>
						<line hits="1" number="40"/>
						<line hits="1" number="41"/>
						<line hits="1" number="42"/>
						<line hits="1" number="43"/>
						<line hits="1" number="44"/>
						<line hits="1" number="45"/>
						<line hits="1" number="48"/>
						<line hits="0" number="157"/>
						<line hits="0" number="158"/>
						<line hits="0" number="159"/>
						<line hits="0" number="160"/>
						<line hits="0" number="161"/>
						<line hits="0" number="162"/>
						<line hits="0" number="163"/>
						<line hits="0" number="164"/>
						<line hits="0" number="165"/>
						<line hits="0" number="166"/>
						<line hits="0" number="167"/>
						<line hits="0" number="168"/>
						<line hits="0" number="169"/>
						<line hits="0" number="170"/>
						<line hits="0" number="171"/>
						<line hits="1" number="173"/>
						<line hits="0" number="198"/>
						<line hits="0" number="206"/>
						<line hits="1" number="208"/>
						<line hits="0" number="209"/>
						<line hits="0" number="210"/>
						<line hits="0" number="211"/>
						<line hits="0" number="212"/>
						<line hits="0" number="215"/>
						<line hits="0" number="217"/>
						<line hits="0" number="218"/>
						<line hits="0" number="220"/>
						<line hits="0" number="223"/>
						<line hits="0" number="224"/>
						<line hits="0" number="225"/>
						<line hits="1" number="227"/>
						<line hits="0" number="228"/>
						<line hits="0" number="229"/>
						<line hits="0" number="231"/>
						<line hits="1" number="234"/>
						<line hits="0" number="235"/>
						<line hits="1" number="237"/>
						<line hits="0" number="240"/>
						<line hits="0" number="241"/>
						<line hits="0" number="243"/>
						<line hits="0" number="244"/>
						<line hits="0" number="246"/>
						<line hits="0" number="247"/>
						<line hits="0" number="249"/>
						<line hits="0" number="250"/>
						<line hits="0" number="252"/>
						<line hits="0" number="253"/>
						<line hits="0" number="254"/>
						<line hits="0" number="256"/>
						<line hits="0" number="257"/>
						<line hits="0" number="259"/>
						<line hits="0" number="271"/>
						<line hits="0" number="272"/>
						<line hits="0" number="273"/>
						<line hits="0" number="274"/>
						<line hits="0" number="275"/>
						<line hits="0" number="276"/>
						<line hits="0" number="277"/>
						<line hits="0" number="278"/>
						<line hits="0" number="279"/>
						<line hits="0" number="280"/>
						<line hits="0" number="281"/>
						<line hits="0" number="282"/>
						<line hits="0" number="283"/>
						<line hits="0" number="284"/>
						<line hits="0" number="285"/>
						<line hits="0" number="286"/>
						<line hits="0" number="287"/>
						<line hits="0" number="288"/>
						<line hits="0" number="289"/>
						<line hits="0" number="290"/>
						<line hits="0" number="293"/>
						<line hits="0" number="294"/>
						<line hits="0" number="295"/>
						<line hits="0" number="296"/>
						<line hits="0" number="297"/>
						<line hits="0" number="298"/>
						<line hits="0" number="300"/>
						<line hits="0" number="301"/>
						<line hits="0" number="302"/>
						<line hits="0" number="303"/>
						<line hits="0" number="305"/>
						<line hits="0" number="306"/>
						<line hits="0" number="307"/>
						<line hits="0" number="308"/>
						<line hits="0" number="310"/>
						<line hits="0" number="311"/>
						<line hits="0" number="312"/>
						<line hits="0" number="313"/>
						<line hits="0" number="314"/>
						<line hits="0" number="316"/>
						<line hits="0" number="319"/>
						<line hits="0" number="321"/>
						<line hits="0" number="323"/>
						<line hits="0" number="326"/>
						<line hits="1" number="328"/>
						<line hits="0" number="329"/>
						<line hits="0" number="330"/>
						<line hits="0" number="331"/>
						<line hits="0" number="332"/>
						<line hits="0" number="333"/>
						<line hits="0" number="334"/>
						<line hits="0" number="335"/>
						<line hits="0" number="336"/>
						<line hits="0" number="337"/>
						<line hits="1" number="340"/>
						<line hits="0" number="437"/>
						<line hits="0" number="438"/>
						<line hits="0" number="439"/>
						<line hits="0" number="440"/>
						<line hits="0" number="441"/>
						<line hits="0" number="442"/>
						<line hits="0" number="444"/>
						<line hits="0" number="446"/>
						<line hits="0" number="448"/>
						<line hits="1" number="450"/>
						<line hits="0" number="451"/>
						<line hits="0" number="452"/>
						<line hits="0" number="453"/>
						<line hits="0" number="454"/>
						<line hits="0" number="455"/>
						<line hits="1" number="458"/>
						<line hits="0" number="467"/>
						<line hits="0" number="468"/>
						<line hits="0" number="469"/>
						<line hits="0" number="470"/>
						<line hits="0" number="471"/>
						<line hits="0" number="473"/>
						<line hits="0" number="474"/>
						<line hits="0" number="475"/>
						<line hits="0" number="476"/>
						<line hits="0" number="478"/>
						<line hits="0" number="479"/>
						<line hits="0" number="480"/>
						<line hits="0" number="482"/>
						<line hits="0" number="483"/>
						<line hits="0" number="484"/>
						<line hits="0" number="485"/>
						<line hits="0" number="486"/>
						<line hits="0" number="487"/>
						<line hits="0" number="489"/>
						<line hits="0" number="490"/>
						<line hits="0" number="492"/>
						<line hits="0" number="493"/>
						<line hits="0" number="494"/>
						<line hits="0" number="496"/>
						<line hits="0" number="497"/>
						<line hits="0" number="498"/>
						<line hits="0" number="499"/>
						<line hits="0" number="501"/>
						<line hits="0" number="502"/>
						<line hits="0" number="503"/>
						<line hits="0" number="504"/>
						<line hits="0" number="505"/>
						<line hits="0" number="506"/>
						<line hits="0" number="509"/>
						<line hits="0" number="511"/>
						<line hits="0" number="512"/>
						<line hits="0" number="514"/>
						<line hits="0" number="515"/>
						<line hits="0" number="516"/>
						<line hits="0" number="517"/>
						<line hits="0" number="520"/>
						<line hits="0" number="521"/>
						<line hits="0" number="522"/>
						<line hits="0" number="523"/>
						<line hits="0" number="526"/>
						<line hits="1" number="528"/>
						<line hits="1" number="529"/>
						<line hits="0" number="530"/>
						<line hits="0" number="531"/>
						<line hits="0" number="532"/>
						<line hits="0" number="533"/>
						<line hits="0" number="534"/>
						<line hits="0" number="535"/>
						<line hits="0" number="536"/>
						<line hits="0" number="537"/>
						<line hits="0" number="538"/>
						<line hits="0" number="541"/>
						<line hits="1" number="543"/>
						<line hits="0" number="544"/>
						<line hits="0" number="546"/>
						<line hits="0" number="547"/>
						<line hits="0" number="548"/>
						<line hits="0" number="549"/>
						<line hits="0" number="550"/>
						<line hits="0" number="551"/>
						<line hits="0" number="552"/>
						<line hits="0" number="554"/>
						<line hits="0" number="555"/>
						<line hits="0" number="556"/>
						<line hits="0" number="557"/>
						<line hits="0" number="558"/>
						<line hits="0" number="560"/>
						<line hits="0" number="562"/>
						<line hits="0" number="563"/>
						<line hits="0" number="564"/>
						<line hits="0" number="565"/>
						<line hits="0" number="566"/>
						<line hits="0" number="567"/>
						<line hits="0" number="568"/>
						<line hits="0" number="570"/>
						<line hits="0" number="571"/>
						<line hits="0" number="573"/>
						<line hits="0" number="574"/>
						<line hits="0" number="575"/>
						<line hits="0" number="578"/>
						<line hits="0" number="579"/>
						<line hits="0" number="580"/>
						<line hits="0" number="581"/>
						<line hits="0" number="582"/>
						<line hits="0" number="585"/>
						<line hits="0" number="586"/>
						<line hits="0" number="588"/>
						<line hits="0" number="589"/>
						<line hits="0" number="591"/>
						<line hits="0" number="592"/>
						<line hits="1" number="594"/>
						<line hits="0" number="595"/>
						<line hits="0" number="597"/>
						<line hits="0" number="598"/>
						<line hits="0" number="599"/>
						<line hits="0" number="600"/>
						<line hits="0" number="602"/>
						<line hits="0" number="603"/>
						<line hits="0" number="604"/>
						<line hits="0" number="605"/>
						<line hits="0" number="606"/>
						<line hits="0" number="608"/>
						<line hits="0" number="610"/>
						<line hits="0" number="612"/>
						<line hits="0" number="613"/>
						<line hits="0" number="615"/>
						<line hits="0" number="616"/>
						<line hits="0" number="617"/>
						<line hits="0" number="618"/>
						<line hits="0" number="620"/>
						<line hits="0" number="621"/>
						<line hits="0" number="622"/>
						<line hits="0" number="623"/>
						<line hits="0" number="624"/>
						<line hits="0" number="625"/>
						<line hits="1" number="628"/>
						<line hits="0" number="629"/>
						<line hits="0" number="630"/>
						<line hits="0" number="631"/>
						<line hits="1" number="634"/>
						<line hits="1" number="635"/>
						<line hits="0" number="636"/>
						<line hits="0" number="637"/>
						<line hits="0" number="639"/>
						<line hits="0" number="640"/>
						<line hits="0" number="643"/>
						<line hits="0" number="644"/>
						<line hits="0" number="646"/>
						<line hits="1" number="648"/>
						<line hits="0" number="649"/>
						<line hits="0" number="650"/>
						<line hits="0" number="652"/>
						<line hits="1" number="654"/>
						<line hits="1" number="657"/>
						<line hits="0" number="658"/>
						<line hits="0" number="659"/>
						<line hits="1" number="661"/>
						<line hits="0" number="662"/>
						<line hits="0" number="663"/>
						<line hits="0" number="664"/>
						<line hits="0" number="666"/>
						<line hits="0" number="667"/>
						<line hits="0" number="668"/>
						<line hits="0" number="669"/>
						<line hits="0" number="670"/>
						<line hits="0" number="672"/>
						<line hits="0" number="674"/>
						<line hits="0" number="675"/>
						<line hits="0" number="676"/>
						<line hits="0" number="677"/>
						<line hits="0" number="679"/>
						<line hits="0" number="681"/>
						<line hits="1" number="684"/>
						<line hits="1" number="685"/>
						<line hits="0" number="686"/>
						<line hits="0" number="687"/>
						<line hits="1" number="689"/>
						<line hits="0" number="690"/>
						<line hits="0" number="691"/>
						<line hits="0" number="692"/>
						<line hits="1" number="695"/>
						<line hits="1" number="696"/>
						<line hits="0" number="697"/>
						<line hits="0" number="698"/>
						<line hits="1" number="701"/>
						<line hits="0" number="702"/>
						<line hits="0" number="703"/>
						<line hits="0" number="704"/>
						<line hits="0" number="705"/>
						<line hits="0" number="706"/>
						<line hits="0" number="708"/>
						<line hits="0" number="709"/>
						<line hits="1" number="711"/>
						<line hits="1" number="712"/>
						<line hits="0" number="715"/>
						<line hits="0" number="716"/>
						<line hits="0" number="717"/>
						<line hits="0" number="719"/>
						<line hits="0" number="722"/>
						<line hits="0" number="724"/>
						<line hits="0" number="725"/>
						<line hits="0" number="727"/>
						<line hits="0" number="729"/>
						<line hits="0" number="730"/>
						<line hits="0" number="731"/>
						<line hits="1" number="733"/>
						<line hits="0" number="734"/>
						<line hits="1" number="739"/>
						<line hits="1" number="740"/>
						<line hits="0" number="741"/>
						<line hits="0" number="742"/>
						<line hits="0" number="743"/>
						<line hits="0" number="744"/>
						<line hits="0" number="746"/>
						<line hits="0" number="749"/>
						<line hits="0" number="750"/>
						<line hits="0" number="752"/>
						<line hits="0" number="753"/>
						<line hits="0" number="754"/>
						<line hits="1" number="756"/>
						<line hits="0" number="757"/>
						<line hits="0" number="758"/>
						<line hits="0" number="760"/>
					</lines>
				</class>
				<class branch-rate="0" complexity="0" filename="/usr/local/Cellar/numpy/1.10.4/lib/python2.7/site-packages/numpy/core/defchararray.py" line-rate="0.3462" name="defchararray.py">
					<methods/>
					<lines>
						<line hits="1" number="18"/>
						<line hits="1" number="20"/>
						<line hits="1" number="21"/>
						<line hits="1" number="22"/>
						<line hits="1" number="23"/>
						<line hits="1" number="24"/>
						<line hits="1" number="25"/>
						<line hits="1" number="26"/>
						<line hits="1" number="28"/>
						<line hits="1" number="41"/>
						<line hits="1" number="42"/>
						<line hits="0" number="43"/>
						<line hits="0" number="44"/>
						<line hits="1" number="46"/>
						<line hits="1" number="47"/>
						<line hits="1" number="48"/>
						<line hits="1" number="50"/>
						<line hits="0" number="58"/>
						<line hits="0" number="59"/>
						<line hits="0" number="61"/>
						<line hits="0" number="62"/>
						<line hits="1" number="64"/>
						<line hits="0" number="69"/>
						<line hits="1" number="71"/>
						<line hits="0" number="80"/>
						<line hits="0" number="81"/>
						<line hits="0" number="82"/>
						<line hits="0" number="83"/>
						<line hits="0" number="84"/>
						<line hits="0" number="85"/>
						<line hits="1" number="87"/>
						<line hits="0" number="93"/>
						<line hits="0" number="94"/>
						<line hits="0" number="95"/>
						<line hits="1" number="98"/>
						<line hits="0" number="120"/>
						<line hits="1" number="122"/>
						<line hits="0" number="144"/>
						<line hits="1" number="146"/>
						<line hits="0" number="169"/>
						<line hits="1" number="171"/>
						<line hits="0" number="193"/>
						<line hits="1" number="195"/>
						<line hits="0" number="217"/>
						<line hits="1" number="219"/>
						<line hits="0" number="241"/>
						<line hits="1" number="243"/>
						<line hits="0" number="260"/>
						<line hits="1" number="262"/>
						<line hits="0" number="282"/>
						<line hits="0" number="283"/>
						<line hits="0" number="284"/>
						<line hits="0" number="285"/>
						<line hits="0" number="286"/>
						<line hits="1" number="288"/>
						<line hits="0" number="308"/>
						<line hits="0" number="309"/>
						<line hits="0" number="310"/>
						<line hits="0" number="311"/>
						<line hits="0" number="312"/>
						<line hits="0" number="313"/>
						<line hits="1" number="316"/>
						<line hits="0" number="339"/>
						<line hits="1" number="342"/>
						<line hits="0" number="376"/>
						<line hits="0" number="377"/>
						<line hits="1" number="380"/>
						<line hits="0" number="407"/>
						<line hits="0" number="408"/>
						<line hits="0" number="409"/>
						<line hits="0" number="410"/>
						<line hits="0" number="411"/>
						<line hits="0" number="412"/>
						<line hits="1" number="416"/>
						<line hits="0" number="459"/>
						<line hits="1" number="462"/>
						<line hits="0" number="504"/>
						<line hits="1" number="508"/>
						<line hits="0" number="539"/>
						<line hits="1" number="543"/>
						<line hits="0" number="583"/>
						<line hits="1" number="587"/>
						<line hits="0" number="618"/>
						<line hits="1" number="622"/>
						<line hits="0" number="653"/>
						<line hits="1" number="657"/>
						<line hits="0" number="681"/>
						<line hits="1" number="684"/>
						<line hits="0" number="706"/>
						<line hits="1" number="708"/>
						<line hits="0" number="730"/>
						<line hits="1" number="732"/>
						<line hits="0" number="754"/>
						<line hits="1" number="756"/>
						<line hits="0" number="779"/>
						<line hits="1" number="781"/>
						<line hits="0" number="804"/>
						<line hits="1" number="806"/>
						<line hits="0" number="828"/>
						<line hits="1" number="830"/>
						<line hits="0" number="853"/>
						<line hits="1" number="855"/>
						<line hits="0" number="876"/>
						<line hits="1" number="880"/>
						<line hits="0" number="906"/>
						<line hits="0" number="907"/>
						<line hits="0" number="908"/>
						<line hits="0" number="909"/>
						<line hits="0" number="910"/>
						<line hits="0" number="911"/>
						<line hits="1" number="915"/>
						<line hits="0" number="947"/>
						<line hits="0" number="948"/>
						<line hits="1" number="951"/>
						<line hits="0" number="1004"/>
						<line hits="0" number="1005"/>
						<line hits="1" number="1008"/>
						<line hits="0" number="1039"/>
						<line hits="1" number="1043"/>
						<line hits="0" number="1070"/>
						<line hits="1" number="1075"/>
						<line hits="0" number="1103"/>
						<line hits="1" number="1107"/>
						<line hits="0" number="1132"/>
						<line hits="1" number="1136"/>
						<line hits="0" number="1162"/>
						<line hits="0" number="1163"/>
						<line hits="0" number="1164"/>
						<line hits="0" number="1165"/>
						<line hits="0" number="1166"/>
						<line hits="0" number="1167"/>
						<line hits="1" number="1171"/>
						<line hits="0" number="1202"/>
						<line hits="1" number="1206"/>
						<line hits="0" number="1239"/>
						<line hits="1" number="1243"/>
						<line hits="0" number="1283"/>
						<line hits="0" number="1284"/>
						<line hits="1" number="1287"/>
						<line hits="0" number="1317"/>
						<line hits="1" number="1321"/>
						<line hits="0" number="1346"/>
						<line hits="1" number="1350"/>
						<line hits="0" number="1377"/>
						<line hits="1" number="1381"/>
						<line hits="0" number="1425"/>
						<line hits="0" number="1426"/>
						<line hits="1" number="1429"/>
						<line hits="0" number="1462"/>
						<line hits="0" number="1463"/>
						<line hits="1" number="1466"/>
						<line hits="0" number="1501"/>
						<line hits="0" number="1502"/>
						<line hits="1" number="1505"/>
						<line hits="0" number="1532"/>
						<line hits="0" number="1533"/>
						<line hits="0" number="1534"/>
						<line hits="0" number="1537"/>
						<line hits="1" number="1541"/>
						<line hits="0" number="1573"/>
						<line hits="0" number="1574"/>
						<line hits="1" number="1577"/>
						<line hits="0" number="1600"/>
						<line hits="0" number="1601"/>
						<line hits="0" number="1602"/>
						<line hits="0" number="1603"/>
						<line hits="1" number="1607"/>
						<line hits="0" number="1633"/>
						<line hits="0" number="1634"/>
						<line hits="0" number="1635"/>
						<line hits="1" number="1638"/>
						<line hits="0" number="1664"/>
						<line hits="0" number="1665"/>
						<line hits="0" number="1666"/>
						<line hits="1" number="1669"/>
						<line hits="1" number="1811"/>
						<line hits="0" number="1815"/>
						<line hits="0" number="1816"/>
						<line hits="0" number="1818"/>
						<line hits="0" number="1823"/>
						<line hits="0" number="1825"/>
						<line hits="0" number="1827"/>
						<line hits="0" number="1828"/>
						<line hits="0" number="1830"/>
						<line hits="0" number="1832"/>
						<line hits="0" number="1833"/>
						<line hits="0" number="1834"/>
						<line hits="0" number="1837"/>
						<line hits="0" number="1841"/>
						<line hits="0" number="1842"/>
						<line hits="0" number="1843"/>
						<line hits="0" number="1844"/>
						<line hits="1" number="1846"/>
						<line hits="0" number="1848"/>
						<line hits="0" number="1849"/>
						<line hits="1" number="1851"/>
						<line hits="0" number="1852"/>
						<line hits="0" number="1854"/>
						<line hits="0" number="1855"/>
						<line hits="0" number="1856"/>
						<line hits="0" number="1857"/>
						<line hits="0" number="1859"/>
						<line hits="0" number="1861"/>
						<line hits="1" number="1868"/>
						<line hits="0" number="1876"/>
						<line hits="1" number="1878"/>
						<line hits="0" number="1886"/>
						<line hits="1" number="1888"/>
						<line hits="0" number="1896"/>
						<line hits="1" number="1898"/>
						<line hits="0" number="1906"/>
						<line hits="1" number="1908"/>
						<line hits="0" number="1916"/>
						<line hits="1" number="1918"/>
						<line hits="0" number="1926"/>
						<line hits="1" number="1928"/>
						<line hits="0" number="1937"/>
						<line hits="1" number="1939"/>
						<line hits="0" number="1948"/>
						<line hits="1" number="1950"/>
						<line hits="0" number="1959"/>
						<line hits="1" number="1961"/>
						<line hits="0" number="1970"/>
						<line hits="1" number="1972"/>
						<line hits="0" number="1982"/>
						<line hits="1" number="1984"/>
						<line hits="0" number="1985"/>
						<line hits="1" number="1987"/>
						<line hits="0" number="2005"/>
						<line hits="1" number="2006"/>
						<line hits="1" number="2008"/>
						<line hits="0" number="2018"/>
						<line hits="1" number="2020"/>
						<line hits="0" number="2029"/>
						<line hits="1" number="2031"/>
						<line hits="0" number="2041"/>
						<line hits="1" number="2043"/>
						<line hits="0" number="2052"/>
						<line hits="1" number="2054"/>
						<line hits="0" number="2063"/>
						<line hits="1" number="2065"/>
						<line hits="0" number="2075"/>
						<line hits="1" number="2077"/>
						<line hits="0" number="2087"/>
						<line hits="1" number="2089"/>
						<line hits="0" number="2099"/>
						<line hits="1" number="2101"/>
						<line hits="0" number="2110"/>
						<line hits="1" number="2112"/>
						<line hits="0" number="2123"/>
						<line hits="1" number="2125"/>
						<line hits="0" number="2136"/>
						<line hits="1" number="2138"/>
						<line hits="0" number="2148"/>
						<line hits="1" number="2150"/>
						<line hits="0" number="2161"/>
						<line hits="1" number="2163"/>
						<line hits="0" number="2174"/>
						<line hits="1" number="2176"/>
						<line hits="0" number="2186"/>
						<line hits="1" number="2188"/>
						<line hits="0" number="2199"/>
						<line hits="1" number="2201"/>
						<line hits="0" number="2211"/>
						<line hits="1" number="2213"/>
						<line hits="0" number="2223"/>
						<line hits="1" number="2225"/>
						<line hits="0" number="2235"/>
						<line hits="1" number="2237"/>
						<line hits="0" number="2247"/>
						<line hits="1" number="2249"/>
						<line hits="0" number="2257"/>
[...]
						<line hits="1" number="4"/>
						<line hits="1" number="5"/>
						<line hits="1" number="6"/>
						<line hits="1" number="7"/>
						<line hits="1" number="8"/>
						<line hits="1" number="9"/>
						<line hits="1" number="12"/>
						<line hits="1" number="15"/>
						<line hits="1" number="17"/>
						<line hits="1" number="18"/>
						<line hits="1" number="19"/>
						<line hits="1" number="20"/>
						<line hits="1" number="21"/>
						<line hits="1" number="22"/>
						<line hits="1" number="24"/>
						<line hits="1" number="25"/>
						<line hits="1" number="26"/>
						<line hits="1" number="27"/>
						<line hits="1" number="28"/>
						<line hits="1" number="30"/>
						<line hits="0" number="32"/>
						<line hits="0" number="33"/>
						<line hits="1" number="35"/>
						<line hits="0" number="38"/>
						<line hits="0" number="41"/>
						<line hits="0" number="42"/>
						<line hits="0" number="45"/>
						<line hits="0" number="46"/>
						<line hits="0" number="47"/>
						<line hits="0" number="49"/>
						<line hits="0" number="52"/>
						<line hits="0" number="55"/>
						<line hits="0" number="56"/>
						<line hits="0" number="59"/>
						<line hits="0" number="62"/>
						<line hits="0" number="64"/>
						<line hits="0" number="67"/>
						<line hits="0" number="69"/>
					</lines>
				</class>
				<class branch-rate="0" complexity="0" filename="classes/forwardCollisionWarning.py" line-rate="0.7759" name="forwardCollisionWarning.py">
					<methods/>
					<lines>
						<line hits="1" number="1"/>
						<line hits="1" number="2"/>
						<line hits="1" number="3"/>
						<line hits="1" number="4"/>
						<line hits="1" number="5"/>
						<line hits="1" number="6"/>
						<line hits="1" number="8"/>
						<line hits="1" number="10"/>
						<line hits="1" number="11"/>
						<line hits="1" number="12"/>
						<line hits="1" number="13"/>
						<line hits="1" number="15"/>
						<line hits="1" number="17"/>
						<line hits="1" number="18"/>
						<line hits="1" number="19"/>
						<line hits="1" number="20"/>
						<line hits="1" number="21"/>
						<line hits="1" number="22"/>
						<line hits="1" number="24"/>
						<line hits="1" number="25"/>
						<line hits="1" number="26"/>
						<line hits="1" number="27"/>
						<line hits="1" number="29"/>
						<line hits="1" number="34"/>
						<line hits="1" number="36"/>
						<line hits="1" number="38"/>
						<line hits="1" number="40"/>
						<line hits="1" number="41"/>
						<line hits="1" number="42"/>
						<line hits="1" number="45"/>
						<line hits="1" number="46"/>
						<line hits="1" number="47"/>
						<line hits="1" number="50"/>
						<line hits="1" number="51"/>
						<line hits="1" number="52"/>
						<line hits="1" number="54"/>
						<line hits="1" number="55"/>
						<line hits="1" number="56"/>
						<line hits="1" number="58"/>
						<line hits="0" number="59"/>
						<line hits="1" number="61"/>
						<line hits="1" number="62"/>
						<line hits="1" number="63"/>
						<line hits="1" number="64"/>
						<line hits="0" number="66"/>
						<line hits="0" number="67"/>
						<line hits="0" number="74"/>
						<line hits="0" number="75"/>
						<line hits="0" number="76"/>
						<line hits="0" number="77"/>
						<line hits="0" number="78"/>
						<line hits="0" number="80"/>
						<line hits="0" number="81"/>
						<line hits="0" number="83"/>
						<line hits="0" number="86"/>
						<line hits="1" number="88"/>
						<line hits="0" number="89"/>
						<line hits="1" number="92"/>
					</lines>
				</class>
				<class branch-rate="0" complexity="0" filename="classes/frameAnalyzer.py" line-rate="0.9474" name="frameAnalyzer.py">
					<methods/>
					<lines>
						<line hits="1" number="1"/>
						<line hits="1" number="2"/>
						<line hits="1" number="3"/>
						<line hits="1" number="4"/>
						<line hits="1" number="5"/>
						<line hits="1" number="6"/>
						<line hits="1" number="7"/>
						<line hits="1" number="9"/>
						<line hits="1" number="11"/>
						<line hits="1" number="14"/>
						<line hits="1" number="15"/>
						<line hits="1" number="17"/>
						<line hits="1" number="19"/>
						<line hits="1" number="22"/>
						<line hits="1" number="23"/>
						<line hits="1" number="24"/>
						<line hits="1" number="27"/>
						<line hits="1" number="31"/>
						<line hits="0" number="32"/>
						<line hits="0" number="33"/>
						<line hits="1" number="37"/>
						<line hits="1" number="39"/>
						<line hits="1" number="40"/>
						<line hits="1" number="43"/>
						<line hits="1" number="45"/>
						<line hits="1" number="46"/>
						<line hits="1" number="49"/>
						<line hits="1" number="50"/>
						<line hits="1" number="51"/>
						<line hits="1" number="53"/>
						<line hits="1" number="54"/>
						<line hits="1" number="56"/>
						<line hits="1" number="57"/>
						<line hits="1" number="59"/>
						<line hits="1" number="60"/>
						<line hits="1" number="61"/>
						<line hits="1" number="62"/>
						<line hits="1" number="70"/>
					</lines>
				</class>
				<class branch-rate="0" complexity="0" filename="classes/gps.py" line-rate="0.4" name="gps.py">
					<methods/>
					<lines>
						<line hits="1" number="1"/>
						<line hits="1" number="2"/>
						<line hits="1" number="3"/>
						<line hits="1" number="4"/>
						<line hits="1" number="6"/>
						<line hits="1" number="9"/>
						<line hits="0" number="11"/>
						<line hits="0" number="13"/>
						<line hits="1" number="15"/>
						<line hits="0" number="17"/>
						<line hits="0" number="18"/>
						<line hits="1" number="20"/>
						<line hits="0" number="22"/>
						<line hits="0" number="26"/>
						<line hits="0" number="27"/>
						<line hits="0" number="35"/>
						<line hits="0" number="36"/>
						<line hits="0" number="38"/>
						<line hits="0" number="40"/>
						<line hits="0" number="41"/>
					</lines>
				</class>
				<class branch-rate="0" complexity="0" filename="classes/laneDepartureWarning.py" line-rate="0.6657" name="laneDepartureWarning.py">
					<methods/>
					<lines>
						<line hits="1" number="1"/>
						<line hits="1" number="2"/>
						<line hits="1" number="3"/>
						<line hits="1" number="4"/>
						<line hits="1" number="5"/>
						<line hits="1" number="6"/>
						<line hits="1" number="7"/>
						<line hits="1" number="8"/>
						<line hits="1" number="10"/>
						<line hits="1" number="12"/>
						<line hits="1" number="13"/>
						<line hits="1" number="15"/>
						<line hits="1" number="16"/>
						<line hits="1" number="17"/>
						<line hits="1" number="18"/>
						<line hits="1" number="19"/>
						<line hits="1" number="20"/>
						<line hits="1" number="21"/>
						<line hits="1" number="22"/>
						<line hits="1" number="24"/>
						<line hits="1" number="25"/>
						<line hits="1" number="28"/>
						<line hits="1" number="30"/>
						<line hits="1" number="31"/>
						<line hits="1" number="33"/>
						<line hits="1" number="34"/>
						<line hits="1" number="35"/>
						<line hits="1" number="36"/>
						<line hits="1" number="37"/>
						<line hits="1" number="38"/>
						<line hits="1" number="41"/>
						<line hits="1" number="42"/>
						<line hits="1" number="43"/>
						<line hits="1" number="44"/>
						<line hits="1" number="45"/>
						<line hits="1" number="58"/>
						<line hits="1" number="59"/>
						<line hits="1" number="60"/>
						<line hits="0" number="61"/>
						<line hits="1" number="63"/>
						<line hits="1" number="64"/>
						<line hits="1" number="65"/>
						<line hits="1" number="70"/>
						<line hits="1" number="71"/>
						<line hits="1" number="72"/>
						<line hits="1" number="80"/>
						<line hits="1" number="82"/>
						<line hits="1" number="83"/>
						<line hits="1" number="84"/>
						<line hits="1" number="85"/>
						<line hits="1" number="86"/>
						<line hits="1" number="87"/>
						<line hits="1" number="90"/>
						<line hits="1" number="91"/>
						<line hits="1" number="92"/>
						<line hits="1" number="97"/>
						<line hits="1" number="98"/>
						<line hits="1" number="102"/>
						<line hits="1" number="103"/>
						<line hits="1" number="104"/>
						<line hits="1" number="106"/>
						<line hits="1" number="107"/>
						<line hits="1" number="110"/>
						<line hits="1" number="112"/>
						<line hits="0" number="113"/>
						<line hits="1" number="114"/>
						<line hits="0" number="115"/>
						<line hits="1" number="120"/>
						<line hits="1" number="121"/>
						<line hits="1" number="123"/>
						<line hits="1" number="124"/>
						<line hits="1" number="132"/>
						<line hits="1" number="133"/>
						<line hits="1" number="134"/>
						<line hits="1" number="141"/>
						<line hits="1" number="147"/>
						<line hits="1" number="150"/>
						<line hits="1" number="156"/>
						<line hits="0" number="157"/>
						<line hits="0" number="159"/>
						<line hits="0" number="160"/>
						<line hits="0" number="161"/>
						<line hits="0" number="162"/>
						<line hits="0" number="164"/>
						<line hits="0" number="165"/>
						<line hits="1" number="166"/>
						<line hits="0" number="167"/>
						<line hits="0" number="169"/>
						<line hits="0" number="170"/>
						<line hits="0" number="171"/>
						<line hits="0" number="172"/>
						<line hits="0" number="174"/>
						<line hits="0" number="175"/>
						<line hits="1" number="177"/>
						<line hits="0" number="178"/>
						<line hits="1" number="187"/>
						<line hits="1" number="191"/>
						<line hits="0" number="192"/>
						<line hits="0" number="193"/>
						<line hits="0" number="194"/>
						<line hits="0" number="196"/>
						<line hits="0" number="197"/>
						<line hits="0" number="199"/>
						<line hits="0" number="200"/>
						<line hits="0" number="202"/>
						<line hits="0" number="203"/>
						<line hits="0" number="205"/>
						<line hits="0" number="206"/>
						<line hits="0" number="208"/>
						<line hits="1" number="212"/>
						<line hits="0" number="214"/>
						<line hits="0" number="215"/>
						<line hits="0" number="217"/>
						<line hits="0" number="218"/>
						<line hits="0" number="220"/>
						<line hits="1" number="222"/>
						<line hits="0" number="224"/>
						<line hits="0" number="225"/>
						<line hits="0" number="226"/>
						<line hits="0" number="227"/>
						<line hits="0" number="228"/>
						<line hits="0" number="229"/>
						<line hits="1" number="232"/>
						<line hits="1" number="233"/>
						<line hits="1" number="234"/>
						<line hits="1" number="235"/>
						<line hits="1" number="236"/>
						<line hits="1" number="238"/>
						<line hits="1" number="239"/>
						<line hits="1" number="241"/>
						<line hits="1" number="242"/>
						<line hits="1" number="243"/>
						<line hits="1" number="244"/>
						<line hits="0" number="246"/>
						<line hits="1" number="248"/>
						<line hits="1" number="250"/>
						<line hits="1" number="253"/>
						<line hits="1" number="254"/>
						<line hits="1" number="255"/>
						<line hits="1" number="257"/>
						<line hits="1" number="259"/>
						<line hits="1" number="260"/>
						<line hits="1" number="262"/>
						<line hits="1" number="264"/>
						<line hits="1" number="266"/>
						<line hits="1" number="268"/>
						<line hits="1" number="270"/>
						<line hits="1" number="271"/>
						<line hits="1" number="273"/>
						<line hits="1" number="274"/>
						<line hits="1" number="276"/>
						<line hits="1" number="277"/>
						<line hits="1" number="280"/>
						<line hits="1" number="281"/>
						<line hits="1" number="282"/>
						<line hits="1" number="284"/>
						<line hits="1" number="285"/>
						<line hits="1" number="288"/>
						<line hits="1" number="289"/>
						<line hits="1" number="290"/>
						<line hits="1" number="292"/>
						<line hits="1" number="295"/>
						<line hits="1" number="297"/>
						<line hits="1" number="298"/>
						<line hits="1" number="299"/>
						<line hits="1" number="300"/>
						<line hits="1" number="312"/>
						<line hits="1" number="313"/>
						<line hits="1" number="316"/>
						<line hits="1" number="317"/>
						<line hits="1" number="320"/>
						<line hits="1" number="321"/>
						<line hits="1" number="323"/>
						<line hits="1" number="324"/>
						<line hits="1" number="326"/>
						<line hits="1" number="327"/>
						<line hits="1" number="328"/>
						<line hits="1" number="330"/>
						<line hits="1" number="331"/>
						<line hits="1" number="339"/>
						<line hits="1" number="340"/>
						<line hits="0" number="341"/>
						<line hits="1" number="351"/>
						<line hits="1" number="352"/>
						<line hits="1" number="355"/>
						<line hits="1" number="356"/>
						<line hits="1" number="359"/>
						<line hits="0" number="360"/>
						<line hits="0" number="361"/>
						<line hits="0" number="374"/>
						<line hits="0" number="375"/>
						<line hits="0" number="377"/>
						<line hits="0" number="379"/>
						<line hits="0" number="380"/>
						<line hits="0" number="383"/>
						<line hits="0" number="384"/>
						<line hits="1" number="390"/>
						<line hits="1" number="392"/>
						<line hits="1" number="394"/>
						<line hits="1" number="396"/>
						<line hits="1" number="397"/>
						<line hits="1" number="398"/>
						<line hits="1" number="401"/>
						<line hits="1" number="403"/>
						<line hits="1" number="404"/>
						<line hits="1" number="406"/>
						<line hits="1" number="409"/>
						<line hits="1" number="410"/>
						<line hits="1" number="413"/>
						<line hits="1" number="414"/>
						<line hits="1" number="416"/>
						<line hits="0" number="418"/>
						<line hits="0" number="419"/>
						<line hits="0" number="420"/>
						<line hits="0" number="421"/>
						<line hits="0" number="422"/>
						<line hits="0" number="423"/>
						<line hits="0" number="424"/>
						<line hits="1" number="427"/>
						<line hits="1" number="428"/>
						<line hits="1" number="429"/>
						<line hits="1" number="430"/>
						<line hits="1" number="431"/>
						<line hits="0" number="432"/>
						<line hits="0" number="433"/>
						<line hits="1" number="434"/>
						<line hits="1" number="436"/>
						<line hits="1" number="437"/>
						<line hits="0" number="438"/>
						<line hits="1" number="440"/>
						<line hits="0" number="441"/>
						<line hits="1" number="443"/>
						<line hits="1" number="445"/>
						<line hits="1" number="446"/>
						<line hits="1" number="448"/>
						<line hits="1" number="449"/>
						<line hits="0" number="450"/>
						<line hits="0" number="451"/>
						<line hits="1" number="453"/>
						<line hits="1" number="456"/>
						<line hits="1" number="458"/>
						<line hits="1" number="459"/>
						<line hits="1" number="462"/>
						<line hits="0" number="464"/>
						<line hits="0" number="466"/>
						<line hits="0" number="467"/>
						<line hits="0" number="468"/>
						<line hits="0" number="470"/>
						<line hits="0" number="471"/>
						<line hits="0" number="472"/>
						<line hits="0" number="473"/>
						<line hits="0" number="474"/>
						<line hits="0" number="475"/>
						<line hits="0" number="476"/>
						<line hits="0" number="477"/>
						<line hits="1" number="480"/>
						<line hits="1" number="482"/>
						<line hits="1" number="483"/>
						<line hits="0" number="484"/>
						<line hits="1" number="486"/>
						<line hits="0" number="487"/>
						<line hits="0" number="488"/>
						<line hits="1" number="494"/>
						<line hits="0" number="495"/>
						<line hits="0" number="496"/>
						<line hits="0" number="497"/>
						<line hits="1" number="500"/>
						<line hits="1" number="501"/>
						<line hits="0" number="502"/>
						<line hits="1" number="504"/>
						<line hits="1" number="509"/>
						<line hits="0" number="510"/>
						<line hits="0" number="511"/>
						<line hits="0" number="512"/>
						<line hits="0" number="513"/>
						<line hits="0" number="514"/>
						<line hits="1" number="517"/>
						<line hits="1" number="519"/>
						<line hits="0" number="520"/>
						<line hits="1" number="521"/>
						<line hits="0" number="522"/>
						<line hits="1" number="524"/>
						<line hits="0" number="525"/>
						<line hits="1" number="526"/>
						<line hits="0" number="527"/>
						<line hits="1" number="529"/>
						<line hits="1" number="531"/>
						<line hits="1" number="534"/>
						<line hits="1" number="535"/>
						<line hits="0" number="536"/>
						<line hits="0" number="537"/>
						<line hits="0" number="538"/>
						<line hits="0" number="539"/>
						<line hits="0" number="541"/>
						<line hits="1" number="543"/>
						<line hits="0" number="544"/>
						<line hits="1" number="547"/>
						<line hits="1" number="548"/>
						<line hits="0" number="549"/>
						<line hits="1" number="550"/>
						<line hits="1" number="551"/>
						<line hits="1" number="552"/>
						<line hits="1" number="553"/>
						<line hits="1" number="554"/>
						<line hits="0" number="555"/>
						<line hits="1" number="556"/>
						<line hits="0" number="557"/>
						<line hits="1" number="559"/>
						<line hits="1" number="560"/>
						<line hits="1" number="561"/>
						<line hits="0" number="562"/>
						<line hits="1" number="563"/>
						<line hits="0" number="564"/>
						<line hits="1" number="565"/>
						<line hits="1" number="566"/>
						<line hits="1" number="567"/>
						<line hits="1" number="568"/>
						<line hits="0" number="569"/>
						<line hits="0" number="570"/>
						<line hits="0" number="573"/>
						<line hits="1" number="576"/>
						<line hits="1" number="577"/>
						<line hits="0" number="578"/>
						<line hits="1" number="579"/>
						<line hits="1" number="580"/>
						<line hits="1" number="581"/>
						<line hits="1" number="582"/>
						<line hits="1" number="583"/>
						<line hits="0" number="584"/>
						<line hits="1" number="585"/>
						<line hits="0" number="586"/>
						<line hits="1" number="588"/>
						<line hits="0" number="589"/>
						<line hits="1" number="590"/>
						<line hits="0" number="591"/>
						<line hits="1" number="592"/>
						<line hits="0" number="593"/>
						<line hits="1" number="594"/>
						<line hits="1" number="595"/>
						<line hits="1" number="596"/>
						<line hits="0" number="597"/>
						<line hits="1" number="598"/>
						<line hits="0" number="599"/>
						<line hits="1" number="602"/>
					</lines>
				</class>
				<class branch-rate="0" complexity="0" filename="classes/linearEquation.py" line-rate="1" name="linearEquation.py">
					<methods/>
					<lines>
						<line hits="1" number="1"/>
						<line hits="1" number="4"/>
						<line hits="1" number="6"/>
						<line hits="1" number="7"/>
						<line hits="1" number="8"/>
						<line hits="1" number="10"/>
						<line hits="1" number="12"/>
						<line hits="1" number="16"/>
						<line hits="1" number="18"/>
						<line hits="1" number="20"/>
						<line hits="1" number="22"/>
					</lines>
				</class>
				<class branch-rate="0" complexity="0" filename="classes/sound.py" line-rate="0.4783" name="sound.py">
					<methods/>
					<lines>
						<line hits="1" number="1"/>
						<line hits="1" number="2"/>
						<line hits="1" number="3"/>
						<line hits="1" number="5"/>
						<line hits="1" number="7"/>
						<line hits="1" number="8"/>
						<line hits="1" number="9"/>
						<line hits="1" number="11"/>
						<line hits="1" number="12"/>
						<line hits="1" number="16"/>
						<line hits="0" number="18"/>
						<line hits="0" number="20"/>
						<line hits="0" number="21"/>
						<line hits="0" number="22"/>
						<line hits="0" number="23"/>
						<line hits="0" number="25"/>
						<line hits="0" number="26"/>
						<line hits="1" number="28"/>
						<line hits="0" number="29"/>
						<line hits="0" number="31"/>
						<line hits="0" number="32"/>
						<line hits="0" number="33"/>
						<line hits="0" number="35"/>
					</lines>
				</class>
			</classes>
		</package>
	</packages>
</coverage>
